May 12, 2017 2:29:25 AM org.apache.coyote.AbstractProtocol pause
INFO: Pausing ProtocolHandler ["http-apr-8080"]
May 12, 2017 2:29:26 AM org.apache.coyote.AbstractProtocol pause
INFO: Pausing ProtocolHandler ["ajp-apr-8009"]
May 12, 2017 2:29:26 AM org.apache.catalina.core.StandardService stopInternal
INFO: Stopping service Catalina
May 12, 2017 2:29:28 AM org.apache.coyote.AbstractProtocol stop
INFO: Stopping ProtocolHandler ["http-apr-8080"]
May 12, 2017 2:29:28 AM org.apache.coyote.AbstractProtocol stop
INFO: Stopping ProtocolHandler ["ajp-apr-8009"]
May 12, 2017 9:15:44 AM org.apache.catalina.startup.VersionLoggerListener log
INFO: Server version:        Apache Tomcat/7.0.73
May 12, 2017 9:15:45 AM org.apache.catalina.startup.VersionLoggerListener log
INFO: Server built:          Nov 7 2016 21:27:23 UTC
May 12, 2017 9:15:45 AM org.apache.catalina.startup.VersionLoggerListener log
INFO: Server number:         7.0.73.0
May 12, 2017 9:15:45 AM org.apache.catalina.startup.VersionLoggerListener log
INFO: OS Name:               Windows 10
May 12, 2017 9:15:45 AM org.apache.catalina.startup.VersionLoggerListener log
INFO: OS Version:            10.0
May 12, 2017 9:15:45 AM org.apache.catalina.startup.VersionLoggerListener log
INFO: Architecture:          amd64
May 12, 2017 9:15:45 AM org.apache.catalina.startup.VersionLoggerListener log
INFO: Java Home:             C:\Program Files\Java\jre1.8.0_91
May 12, 2017 9:15:45 AM org.apache.catalina.startup.VersionLoggerListener log
INFO: JVM Version:           1.8.0_91-b15
May 12, 2017 9:15:45 AM org.apache.catalina.startup.VersionLoggerListener log
INFO: JVM Vendor:            Oracle Corporation
May 12, 2017 9:15:45 AM org.apache.catalina.startup.VersionLoggerListener log
INFO: CATALINA_BASE:         D:\project
May 12, 2017 9:15:45 AM org.apache.catalina.startup.VersionLoggerListener log
INFO: CATALINA_HOME:         D:\project
May 12, 2017 9:15:45 AM org.apache.catalina.startup.VersionLoggerListener log
INFO: Command line argument: -Dcatalina.home=D:\project
May 12, 2017 9:15:45 AM org.apache.catalina.startup.VersionLoggerListener log
INFO: Command line argument: -Dcatalina.base=D:\project
May 12, 2017 9:15:45 AM org.apache.catalina.startup.VersionLoggerListener log
INFO: Command line argument: -Djava.endorsed.dirs=D:\project\endorsed
May 12, 2017 9:15:45 AM org.apache.catalina.startup.VersionLoggerListener log
INFO: Command line argument: -Djava.io.tmpdir=D:\project\temp
May 12, 2017 9:15:45 AM org.apache.catalina.startup.VersionLoggerListener log
INFO: Command line argument: -Djava.util.logging.manager=org.apache.juli.ClassLoaderLogManager
May 12, 2017 9:15:45 AM org.apache.catalina.startup.VersionLoggerListener log
INFO: Command line argument: -Djava.util.logging.config.file=D:\project\conf\logging.properties
May 12, 2017 9:15:45 AM org.apache.catalina.startup.VersionLoggerListener log
INFO: Command line argument: exit
May 12, 2017 9:15:45 AM org.apache.catalina.startup.VersionLoggerListener log
INFO: Command line argument: -Xms128m
May 12, 2017 9:15:45 AM org.apache.catalina.startup.VersionLoggerListener log
INFO: Command line argument: -Xmx256m
May 12, 2017 9:15:45 AM org.apache.catalina.core.AprLifecycleListener lifecycleEvent
INFO: Loaded APR based Apache Tomcat Native library 1.2.10 using APR version 1.5.2.
May 12, 2017 9:15:45 AM org.apache.catalina.core.AprLifecycleListener lifecycleEvent
INFO: APR capabilities: IPv6 [true], sendfile [true], accept filters [false], random [true].
May 12, 2017 9:15:53 AM org.apache.catalina.core.AprLifecycleListener initializeSSL
INFO: OpenSSL successfully initialized (OpenSSL 1.0.2j  26 Sep 2016)
May 12, 2017 9:16:13 AM org.apache.coyote.AbstractProtocol init
INFO: Initializing ProtocolHandler ["http-apr-8080"]
May 12, 2017 9:16:13 AM org.apache.coyote.AbstractProtocol init
INFO: Initializing ProtocolHandler ["ajp-apr-8009"]
May 12, 2017 9:16:13 AM org.apache.catalina.startup.Catalina load
INFO: Initialization processed in 96950 ms
May 12, 2017 9:16:15 AM org.apache.catalina.core.StandardService startInternal
INFO: Starting service Catalina
May 12, 2017 9:16:15 AM org.apache.catalina.core.StandardEngine startInternal
INFO: Starting Servlet Engine: Apache Tomcat/7.0.73
May 12, 2017 9:16:17 AM org.apache.catalina.startup.HostConfig deployDirectory
INFO: Deploying web application directory D:\project\webapps\docs
May 12, 2017 9:16:25 AM org.apache.catalina.util.SessionIdGeneratorBase createSecureRandom
INFO: Creation of SecureRandom instance for session ID generation using [SHA1PRNG] took [1,922] milliseconds.
May 12, 2017 9:16:26 AM org.apache.catalina.startup.HostConfig deployDirectory
INFO: Deployment of web application directory D:\project\webapps\docs has finished in 8,984 ms
May 12, 2017 9:16:26 AM org.apache.catalina.startup.HostConfig deployDirectory
INFO: Deploying web application directory D:\project\webapps\examples
May 12, 2017 9:16:40 AM org.apache.catalina.startup.HostConfig deployDirectory
INFO: Deployment of web application directory D:\project\webapps\examples has finished in 14,391 ms
May 12, 2017 9:16:40 AM org.apache.catalina.startup.HostConfig deployDirectory
INFO: Deploying web application directory D:\project\webapps\host-manager
May 12, 2017 9:16:41 AM org.apache.catalina.startup.HostConfig deployDirectory
INFO: Deployment of web application directory D:\project\webapps\host-manager has finished in 343 ms
May 12, 2017 9:16:41 AM org.apache.catalina.startup.HostConfig deployDirectory
INFO: Deploying web application directory D:\project\webapps\manager
May 12, 2017 9:16:41 AM org.apache.catalina.startup.HostConfig deployDirectory
INFO: Deployment of web application directory D:\project\webapps\manager has finished in 266 ms
May 12, 2017 9:16:41 AM org.apache.catalina.startup.HostConfig deployDirectory
INFO: Deploying web application directory D:\project\webapps\ROOT
May 12, 2017 9:16:41 AM org.apache.catalina.startup.HostConfig deployDirectory
INFO: Deployment of web application directory D:\project\webapps\ROOT has finished in 313 ms
May 12, 2017 9:16:41 AM org.apache.coyote.AbstractProtocol start
INFO: Starting ProtocolHandler ["http-apr-8080"]
May 12, 2017 9:16:42 AM org.apache.coyote.AbstractProtocol start
INFO: Starting ProtocolHandler ["ajp-apr-8009"]
May 12, 2017 9:16:42 AM org.apache.catalina.startup.Catalina start
INFO: Server startup in 28447 ms
