May 14, 2017 9:31:23 PM org.apache.catalina.startup.VersionLoggerListener log
INFO: Server version:        Apache Tomcat/7.0.73
May 14, 2017 9:31:28 PM org.apache.catalina.startup.VersionLoggerListener log
INFO: Server built:          Nov 7 2016 21:27:23 UTC
May 14, 2017 9:31:28 PM org.apache.catalina.startup.VersionLoggerListener log
INFO: Server number:         7.0.73.0
May 14, 2017 9:31:28 PM org.apache.catalina.startup.VersionLoggerListener log
INFO: OS Name:               Windows 10
May 14, 2017 9:31:28 PM org.apache.catalina.startup.VersionLoggerListener log
INFO: OS Version:            10.0
May 14, 2017 9:31:28 PM org.apache.catalina.startup.VersionLoggerListener log
INFO: Architecture:          amd64
May 14, 2017 9:31:28 PM org.apache.catalina.startup.VersionLoggerListener log
INFO: Java Home:             C:\Program Files\Java\jre1.8.0_91
May 14, 2017 9:31:28 PM org.apache.catalina.startup.VersionLoggerListener log
INFO: JVM Version:           1.8.0_91-b15
May 14, 2017 9:31:28 PM org.apache.catalina.startup.VersionLoggerListener log
INFO: JVM Vendor:            Oracle Corporation
May 14, 2017 9:31:28 PM org.apache.catalina.startup.VersionLoggerListener log
INFO: CATALINA_BASE:         D:\project
May 14, 2017 9:31:28 PM org.apache.catalina.startup.VersionLoggerListener log
INFO: CATALINA_HOME:         D:\project
May 14, 2017 9:31:28 PM org.apache.catalina.startup.VersionLoggerListener log
INFO: Command line argument: -Dcatalina.home=D:\project
May 14, 2017 9:31:28 PM org.apache.catalina.startup.VersionLoggerListener log
INFO: Command line argument: -Dcatalina.base=D:\project
May 14, 2017 9:31:28 PM org.apache.catalina.startup.VersionLoggerListener log
INFO: Command line argument: -Djava.endorsed.dirs=D:\project\endorsed
May 14, 2017 9:31:28 PM org.apache.catalina.startup.VersionLoggerListener log
INFO: Command line argument: -Djava.io.tmpdir=D:\project\temp
May 14, 2017 9:31:28 PM org.apache.catalina.startup.VersionLoggerListener log
INFO: Command line argument: -Djava.util.logging.manager=org.apache.juli.ClassLoaderLogManager
May 14, 2017 9:31:28 PM org.apache.catalina.startup.VersionLoggerListener log
INFO: Command line argument: -Djava.util.logging.config.file=D:\project\conf\logging.properties
May 14, 2017 9:31:28 PM org.apache.catalina.startup.VersionLoggerListener log
INFO: Command line argument: exit
May 14, 2017 9:31:28 PM org.apache.catalina.startup.VersionLoggerListener log
INFO: Command line argument: -Xms128m
May 14, 2017 9:31:28 PM org.apache.catalina.startup.VersionLoggerListener log
INFO: Command line argument: -Xmx256m
May 14, 2017 9:31:28 PM org.apache.catalina.core.AprLifecycleListener lifecycleEvent
INFO: Loaded APR based Apache Tomcat Native library 1.2.10 using APR version 1.5.2.
May 14, 2017 9:31:28 PM org.apache.catalina.core.AprLifecycleListener lifecycleEvent
INFO: APR capabilities: IPv6 [true], sendfile [true], accept filters [false], random [true].
May 14, 2017 9:31:35 PM org.apache.catalina.core.AprLifecycleListener initializeSSL
INFO: OpenSSL successfully initialized (OpenSSL 1.0.2j  26 Sep 2016)
May 14, 2017 9:32:27 PM org.apache.coyote.AbstractProtocol init
INFO: Initializing ProtocolHandler ["http-apr-8080"]
May 14, 2017 9:32:27 PM org.apache.coyote.AbstractProtocol init
INFO: Initializing ProtocolHandler ["ajp-apr-8009"]
May 14, 2017 9:32:27 PM org.apache.catalina.startup.Catalina load
INFO: Initialization processed in 133264 ms
May 14, 2017 9:32:29 PM org.apache.catalina.core.StandardService startInternal
INFO: Starting service Catalina
May 14, 2017 9:32:29 PM org.apache.catalina.core.StandardEngine startInternal
INFO: Starting Servlet Engine: Apache Tomcat/7.0.73
May 14, 2017 9:32:30 PM org.apache.catalina.startup.HostConfig deployDirectory
INFO: Deploying web application directory D:\project\webapps\docs
May 14, 2017 9:32:47 PM org.apache.catalina.util.SessionIdGeneratorBase createSecureRandom
INFO: Creation of SecureRandom instance for session ID generation using [SHA1PRNG] took [4,296] milliseconds.
May 14, 2017 9:32:49 PM org.apache.catalina.startup.HostConfig deployDirectory
INFO: Deployment of web application directory D:\project\webapps\docs has finished in 18,424 ms
May 14, 2017 9:32:49 PM org.apache.catalina.startup.HostConfig deployDirectory
INFO: Deploying web application directory D:\project\webapps\examples
May 14, 2017 9:33:15 PM org.apache.catalina.startup.HostConfig deployDirectory
INFO: Deployment of web application directory D:\project\webapps\examples has finished in 26,078 ms
May 14, 2017 9:33:15 PM org.apache.catalina.startup.HostConfig deployDirectory
INFO: Deploying web application directory D:\project\webapps\host-manager
May 14, 2017 9:33:15 PM org.apache.catalina.startup.HostConfig deployDirectory
INFO: Deployment of web application directory D:\project\webapps\host-manager has finished in 766 ms
May 14, 2017 9:33:15 PM org.apache.catalina.startup.HostConfig deployDirectory
INFO: Deploying web application directory D:\project\webapps\manager
May 14, 2017 9:33:16 PM org.apache.catalina.startup.HostConfig deployDirectory
INFO: Deployment of web application directory D:\project\webapps\manager has finished in 719 ms
May 14, 2017 9:33:16 PM org.apache.catalina.startup.HostConfig deployDirectory
INFO: Deploying web application directory D:\project\webapps\ROOT
May 14, 2017 9:33:17 PM org.apache.catalina.startup.HostConfig deployDirectory
INFO: Deployment of web application directory D:\project\webapps\ROOT has finished in 593 ms
May 14, 2017 9:33:17 PM org.apache.coyote.AbstractProtocol start
INFO: Starting ProtocolHandler ["http-apr-8080"]
May 14, 2017 9:33:17 PM org.apache.coyote.AbstractProtocol start
INFO: Starting ProtocolHandler ["ajp-apr-8009"]
May 14, 2017 9:33:17 PM org.apache.catalina.startup.Catalina start
INFO: Server startup in 50074 ms
