Jun 06, 2017 12:38:36 AM org.apache.coyote.AbstractProtocol pause
INFO: Pausing ProtocolHandler ["http-apr-8080"]
Jun 06, 2017 12:38:54 AM org.apache.coyote.AbstractProtocol pause
INFO: Pausing ProtocolHandler ["ajp-apr-8009"]
Jun 06, 2017 12:38:55 AM org.apache.catalina.core.StandardService stopInternal
INFO: Stopping service Catalina
Jun 06, 2017 12:39:15 AM org.apache.coyote.AbstractProtocol stop
INFO: Stopping ProtocolHandler ["http-apr-8080"]
Jun 06, 2017 12:39:15 AM org.apache.coyote.AbstractProtocol stop
INFO: Stopping ProtocolHandler ["ajp-apr-8009"]
Jun 06, 2017 12:39:15 AM org.apache.catalina.util.LifecycleBase stop
INFO: The stop() method was called on component [StandardServer[8005]] after stop() had already been called. The second call will be ignored.
Jun 06, 2017 12:42:36 AM org.apache.catalina.startup.VersionLoggerListener log
INFO: Server version:        Apache Tomcat/7.0.73
Jun 06, 2017 12:42:41 AM org.apache.catalina.startup.VersionLoggerListener log
INFO: Server built:          Nov 7 2016 21:27:23 UTC
Jun 06, 2017 12:42:41 AM org.apache.catalina.startup.VersionLoggerListener log
INFO: Server number:         7.0.73.0
Jun 06, 2017 12:42:41 AM org.apache.catalina.startup.VersionLoggerListener log
INFO: OS Name:               Windows 10
Jun 06, 2017 12:42:41 AM org.apache.catalina.startup.VersionLoggerListener log
INFO: OS Version:            10.0
Jun 06, 2017 12:42:41 AM org.apache.catalina.startup.VersionLoggerListener log
INFO: Architecture:          amd64
Jun 06, 2017 12:42:41 AM org.apache.catalina.startup.VersionLoggerListener log
INFO: Java Home:             C:\Program Files\Java\jre1.8.0_91
Jun 06, 2017 12:42:41 AM org.apache.catalina.startup.VersionLoggerListener log
INFO: JVM Version:           1.8.0_91-b15
Jun 06, 2017 12:42:41 AM org.apache.catalina.startup.VersionLoggerListener log
INFO: JVM Vendor:            Oracle Corporation
Jun 06, 2017 12:42:41 AM org.apache.catalina.startup.VersionLoggerListener log
INFO: CATALINA_BASE:         D:\project
Jun 06, 2017 12:42:41 AM org.apache.catalina.startup.VersionLoggerListener log
INFO: CATALINA_HOME:         D:\project
Jun 06, 2017 12:42:41 AM org.apache.catalina.startup.VersionLoggerListener log
INFO: Command line argument: -Dcatalina.home=D:\project
Jun 06, 2017 12:42:41 AM org.apache.catalina.startup.VersionLoggerListener log
INFO: Command line argument: -Dcatalina.base=D:\project
Jun 06, 2017 12:42:41 AM org.apache.catalina.startup.VersionLoggerListener log
INFO: Command line argument: -Djava.endorsed.dirs=D:\project\endorsed
Jun 06, 2017 12:42:41 AM org.apache.catalina.startup.VersionLoggerListener log
INFO: Command line argument: -Djava.io.tmpdir=D:\project\temp
Jun 06, 2017 12:42:41 AM org.apache.catalina.startup.VersionLoggerListener log
INFO: Command line argument: -Djava.util.logging.manager=org.apache.juli.ClassLoaderLogManager
Jun 06, 2017 12:42:41 AM org.apache.catalina.startup.VersionLoggerListener log
INFO: Command line argument: -Djava.util.logging.config.file=D:\project\conf\logging.properties
Jun 06, 2017 12:42:41 AM org.apache.catalina.startup.VersionLoggerListener log
INFO: Command line argument: exit
Jun 06, 2017 12:42:41 AM org.apache.catalina.startup.VersionLoggerListener log
INFO: Command line argument: -Xms128m
Jun 06, 2017 12:42:41 AM org.apache.catalina.startup.VersionLoggerListener log
INFO: Command line argument: -Xmx256m
Jun 06, 2017 12:42:41 AM org.apache.catalina.core.AprLifecycleListener lifecycleEvent
INFO: Loaded APR based Apache Tomcat Native library 1.2.10 using APR version 1.5.2.
Jun 06, 2017 12:42:41 AM org.apache.catalina.core.AprLifecycleListener lifecycleEvent
INFO: APR capabilities: IPv6 [true], sendfile [true], accept filters [false], random [true].
Jun 06, 2017 12:42:57 AM org.apache.catalina.core.AprLifecycleListener initializeSSL
INFO: OpenSSL successfully initialized (OpenSSL 1.0.2j  26 Sep 2016)
Jun 06, 2017 12:43:24 AM org.apache.coyote.AbstractProtocol init
INFO: Initializing ProtocolHandler ["http-apr-8080"]
Jun 06, 2017 12:43:25 AM org.apache.coyote.AbstractProtocol init
INFO: Initializing ProtocolHandler ["ajp-apr-8009"]
Jun 06, 2017 12:43:25 AM org.apache.catalina.startup.Catalina load
INFO: Initialization processed in 138723 ms
Jun 06, 2017 12:43:27 AM org.apache.catalina.core.StandardService startInternal
INFO: Starting service Catalina
Jun 06, 2017 12:43:27 AM org.apache.catalina.core.StandardEngine startInternal
INFO: Starting Servlet Engine: Apache Tomcat/7.0.73
Jun 06, 2017 12:43:27 AM org.apache.catalina.startup.HostConfig deployDirectory
INFO: Deploying web application directory D:\project\webapps\docs
Jun 06, 2017 12:43:36 AM org.apache.catalina.util.SessionIdGeneratorBase createSecureRandom
INFO: Creation of SecureRandom instance for session ID generation using [SHA1PRNG] took [1,531] milliseconds.
Jun 06, 2017 12:43:38 AM org.apache.catalina.startup.HostConfig deployDirectory
INFO: Deployment of web application directory D:\project\webapps\docs has finished in 10,750 ms
Jun 06, 2017 12:43:38 AM org.apache.catalina.startup.HostConfig deployDirectory
INFO: Deploying web application directory D:\project\webapps\examples
Jun 06, 2017 12:44:38 AM org.apache.catalina.startup.HostConfig deployDirectory
INFO: Deployment of web application directory D:\project\webapps\examples has finished in 60,422 ms
Jun 06, 2017 12:44:38 AM org.apache.catalina.startup.HostConfig deployDirectory
INFO: Deploying web application directory D:\project\webapps\host-manager
Jun 06, 2017 12:44:40 AM org.apache.catalina.startup.HostConfig deployDirectory
INFO: Deployment of web application directory D:\project\webapps\host-manager has finished in 1,679 ms
Jun 06, 2017 12:44:40 AM org.apache.catalina.startup.HostConfig deployDirectory
INFO: Deploying web application directory D:\project\webapps\manager
Jun 06, 2017 12:44:44 AM org.apache.catalina.startup.HostConfig deployDirectory
INFO: Deployment of web application directory D:\project\webapps\manager has finished in 3,998 ms
Jun 06, 2017 12:44:44 AM org.apache.catalina.startup.HostConfig deployDirectory
INFO: Deploying web application directory D:\project\webapps\ROOT
Jun 06, 2017 12:44:45 AM org.apache.catalina.startup.HostConfig deployDirectory
INFO: Deployment of web application directory D:\project\webapps\ROOT has finished in 466 ms
Jun 06, 2017 12:44:45 AM org.apache.coyote.AbstractProtocol start
INFO: Starting ProtocolHandler ["http-apr-8080"]
Jun 06, 2017 12:44:45 AM org.apache.coyote.AbstractProtocol start
INFO: Starting ProtocolHandler ["ajp-apr-8009"]
Jun 06, 2017 12:44:45 AM org.apache.catalina.startup.Catalina start
INFO: Server startup in 80323 ms
