Apr 16, 2017 2:44:28 AM org.apache.catalina.startup.VersionLoggerListener log
INFO: Server version:        Apache Tomcat/7.0.73
Apr 16, 2017 2:44:30 AM org.apache.catalina.startup.VersionLoggerListener log
INFO: Server built:          Nov 7 2016 21:27:23 UTC
Apr 16, 2017 2:44:30 AM org.apache.catalina.startup.VersionLoggerListener log
INFO: Server number:         7.0.73.0
Apr 16, 2017 2:44:30 AM org.apache.catalina.startup.VersionLoggerListener log
INFO: OS Name:               Windows 10
Apr 16, 2017 2:44:30 AM org.apache.catalina.startup.VersionLoggerListener log
INFO: OS Version:            10.0
Apr 16, 2017 2:44:30 AM org.apache.catalina.startup.VersionLoggerListener log
INFO: Architecture:          amd64
Apr 16, 2017 2:44:30 AM org.apache.catalina.startup.VersionLoggerListener log
INFO: Java Home:             C:\Program Files\Java\jre1.8.0_91
Apr 16, 2017 2:44:30 AM org.apache.catalina.startup.VersionLoggerListener log
INFO: JVM Version:           1.8.0_91-b15
Apr 16, 2017 2:44:30 AM org.apache.catalina.startup.VersionLoggerListener log
INFO: JVM Vendor:            Oracle Corporation
Apr 16, 2017 2:44:30 AM org.apache.catalina.startup.VersionLoggerListener log
INFO: CATALINA_BASE:         D:\project
Apr 16, 2017 2:44:30 AM org.apache.catalina.startup.VersionLoggerListener log
INFO: CATALINA_HOME:         D:\project
Apr 16, 2017 2:44:30 AM org.apache.catalina.startup.VersionLoggerListener log
INFO: Command line argument: -Dcatalina.home=D:\project
Apr 16, 2017 2:44:30 AM org.apache.catalina.startup.VersionLoggerListener log
INFO: Command line argument: -Dcatalina.base=D:\project
Apr 16, 2017 2:44:30 AM org.apache.catalina.startup.VersionLoggerListener log
INFO: Command line argument: -Djava.endorsed.dirs=D:\project\endorsed
Apr 16, 2017 2:44:30 AM org.apache.catalina.startup.VersionLoggerListener log
INFO: Command line argument: -Djava.io.tmpdir=D:\project\temp
Apr 16, 2017 2:44:30 AM org.apache.catalina.startup.VersionLoggerListener log
INFO: Command line argument: -Djava.util.logging.manager=org.apache.juli.ClassLoaderLogManager
Apr 16, 2017 2:44:30 AM org.apache.catalina.startup.VersionLoggerListener log
INFO: Command line argument: -Djava.util.logging.config.file=D:\project\conf\logging.properties
Apr 16, 2017 2:44:30 AM org.apache.catalina.startup.VersionLoggerListener log
INFO: Command line argument: exit
Apr 16, 2017 2:44:30 AM org.apache.catalina.startup.VersionLoggerListener log
INFO: Command line argument: -Xms128m
Apr 16, 2017 2:44:30 AM org.apache.catalina.startup.VersionLoggerListener log
INFO: Command line argument: -Xmx256m
Apr 16, 2017 2:44:30 AM org.apache.catalina.core.AprLifecycleListener lifecycleEvent
INFO: Loaded APR based Apache Tomcat Native library 1.2.10 using APR version 1.5.2.
Apr 16, 2017 2:44:30 AM org.apache.catalina.core.AprLifecycleListener lifecycleEvent
INFO: APR capabilities: IPv6 [true], sendfile [true], accept filters [false], random [true].
Apr 16, 2017 2:44:36 AM org.apache.catalina.core.AprLifecycleListener initializeSSL
INFO: OpenSSL successfully initialized (OpenSSL 1.0.2j  26 Sep 2016)
Apr 16, 2017 2:45:26 AM org.apache.coyote.AbstractProtocol init
INFO: Initializing ProtocolHandler ["http-apr-8080"]
Apr 16, 2017 2:45:27 AM org.apache.coyote.AbstractProtocol init
INFO: Initializing ProtocolHandler ["ajp-apr-8009"]
Apr 16, 2017 2:45:27 AM org.apache.catalina.startup.Catalina load
INFO: Initialization processed in 115192 ms
Apr 16, 2017 2:45:30 AM org.apache.catalina.core.StandardService startInternal
INFO: Starting service Catalina
Apr 16, 2017 2:45:30 AM org.apache.catalina.core.StandardEngine startInternal
INFO: Starting Servlet Engine: Apache Tomcat/7.0.73
Apr 16, 2017 2:45:33 AM org.apache.catalina.startup.HostConfig deployDirectory
INFO: Deploying web application directory D:\project\webapps\docs
Apr 16, 2017 2:45:48 AM org.apache.catalina.util.SessionIdGeneratorBase createSecureRandom
INFO: Creation of SecureRandom instance for session ID generation using [SHA1PRNG] took [2,941] milliseconds.
Apr 16, 2017 2:45:50 AM org.apache.catalina.startup.HostConfig deployDirectory
INFO: Deployment of web application directory D:\project\webapps\docs has finished in 17,581 ms
Apr 16, 2017 2:45:50 AM org.apache.catalina.startup.HostConfig deployDirectory
INFO: Deploying web application directory D:\project\webapps\examples
Apr 16, 2017 2:46:50 AM org.apache.catalina.startup.HostConfig deployDirectory
INFO: Deployment of web application directory D:\project\webapps\examples has finished in 59,740 ms
Apr 16, 2017 2:46:50 AM org.apache.catalina.startup.HostConfig deployDirectory
INFO: Deploying web application directory D:\project\webapps\host-manager
Apr 16, 2017 2:46:51 AM org.apache.catalina.startup.HostConfig deployDirectory
INFO: Deployment of web application directory D:\project\webapps\host-manager has finished in 734 ms
Apr 16, 2017 2:46:51 AM org.apache.catalina.startup.HostConfig deployDirectory
INFO: Deploying web application directory D:\project\webapps\manager
Apr 16, 2017 2:46:51 AM org.apache.catalina.startup.HostConfig deployDirectory
INFO: Deployment of web application directory D:\project\webapps\manager has finished in 672 ms
Apr 16, 2017 2:46:51 AM org.apache.catalina.startup.HostConfig deployDirectory
INFO: Deploying web application directory D:\project\webapps\ROOT
Apr 16, 2017 2:46:53 AM org.apache.catalina.startup.HostConfig deployDirectory
INFO: Deployment of web application directory D:\project\webapps\ROOT has finished in 1,782 ms
Apr 16, 2017 2:46:53 AM org.apache.coyote.AbstractProtocol start
INFO: Starting ProtocolHandler ["http-apr-8080"]
Apr 16, 2017 2:46:54 AM org.apache.coyote.AbstractProtocol start
INFO: Starting ProtocolHandler ["ajp-apr-8009"]
Apr 16, 2017 2:46:54 AM org.apache.catalina.startup.Catalina start
INFO: Server startup in 86941 ms
