Sep 02, 2017 6:09:54 AM org.apache.coyote.AbstractProtocol pause
INFO: Pausing ProtocolHandler ["http-apr-8080"]
Sep 02, 2017 6:10:20 AM org.apache.coyote.AbstractProtocol pause
INFO: Pausing ProtocolHandler ["ajp-apr-8009"]
Sep 02, 2017 6:10:21 AM org.apache.catalina.core.StandardService stopInternal
INFO: Stopping service Catalina
Sep 02, 2017 6:10:33 AM org.apache.coyote.AbstractProtocol stop
INFO: Stopping ProtocolHandler ["http-apr-8080"]
Sep 02, 2017 6:10:33 AM org.apache.coyote.AbstractProtocol stop
INFO: Stopping ProtocolHandler ["ajp-apr-8009"]
Sep 02, 2017 6:10:33 AM org.apache.catalina.util.LifecycleBase stop
INFO: The stop() method was called on component [StandardServer[8005]] after stop() had already been called. The second call will be ignored.
Sep 02, 2017 12:41:26 PM org.apache.catalina.startup.VersionLoggerListener log
INFO: Server version:        Apache Tomcat/7.0.73
Sep 02, 2017 12:41:28 PM org.apache.catalina.startup.VersionLoggerListener log
INFO: Server built:          Nov 7 2016 21:27:23 UTC
Sep 02, 2017 12:41:28 PM org.apache.catalina.startup.VersionLoggerListener log
INFO: Server number:         7.0.73.0
Sep 02, 2017 12:41:28 PM org.apache.catalina.startup.VersionLoggerListener log
INFO: OS Name:               Windows 10
Sep 02, 2017 12:41:28 PM org.apache.catalina.startup.VersionLoggerListener log
INFO: OS Version:            10.0
Sep 02, 2017 12:41:28 PM org.apache.catalina.startup.VersionLoggerListener log
INFO: Architecture:          amd64
Sep 02, 2017 12:41:28 PM org.apache.catalina.startup.VersionLoggerListener log
INFO: Java Home:             C:\Program Files\Java\jre1.8.0_91
Sep 02, 2017 12:41:28 PM org.apache.catalina.startup.VersionLoggerListener log
INFO: JVM Version:           1.8.0_91-b15
Sep 02, 2017 12:41:28 PM org.apache.catalina.startup.VersionLoggerListener log
INFO: JVM Vendor:            Oracle Corporation
Sep 02, 2017 12:41:28 PM org.apache.catalina.startup.VersionLoggerListener log
INFO: CATALINA_BASE:         D:\project
Sep 02, 2017 12:41:28 PM org.apache.catalina.startup.VersionLoggerListener log
INFO: CATALINA_HOME:         D:\project
Sep 02, 2017 12:41:28 PM org.apache.catalina.startup.VersionLoggerListener log
INFO: Command line argument: -Dcatalina.home=D:\project
Sep 02, 2017 12:41:28 PM org.apache.catalina.startup.VersionLoggerListener log
INFO: Command line argument: -Dcatalina.base=D:\project
Sep 02, 2017 12:41:28 PM org.apache.catalina.startup.VersionLoggerListener log
INFO: Command line argument: -Djava.endorsed.dirs=D:\project\endorsed
Sep 02, 2017 12:41:28 PM org.apache.catalina.startup.VersionLoggerListener log
INFO: Command line argument: -Djava.io.tmpdir=D:\project\temp
Sep 02, 2017 12:41:28 PM org.apache.catalina.startup.VersionLoggerListener log
INFO: Command line argument: -Djava.util.logging.manager=org.apache.juli.ClassLoaderLogManager
Sep 02, 2017 12:41:28 PM org.apache.catalina.startup.VersionLoggerListener log
INFO: Command line argument: -Djava.util.logging.config.file=D:\project\conf\logging.properties
Sep 02, 2017 12:41:28 PM org.apache.catalina.startup.VersionLoggerListener log
INFO: Command line argument: exit
Sep 02, 2017 12:41:28 PM org.apache.catalina.startup.VersionLoggerListener log
INFO: Command line argument: -Xms128m
Sep 02, 2017 12:41:28 PM org.apache.catalina.startup.VersionLoggerListener log
INFO: Command line argument: -Xmx256m
Sep 02, 2017 12:41:28 PM org.apache.catalina.core.AprLifecycleListener lifecycleEvent
INFO: Loaded APR based Apache Tomcat Native library 1.2.10 using APR version 1.5.2.
Sep 02, 2017 12:41:28 PM org.apache.catalina.core.AprLifecycleListener lifecycleEvent
INFO: APR capabilities: IPv6 [true], sendfile [true], accept filters [false], random [true].
Sep 02, 2017 12:41:34 PM org.apache.catalina.core.AprLifecycleListener initializeSSL
INFO: OpenSSL successfully initialized (OpenSSL 1.0.2j  26 Sep 2016)
Sep 02, 2017 12:42:14 PM org.apache.coyote.AbstractProtocol init
INFO: Initializing ProtocolHandler ["http-apr-8080"]
Sep 02, 2017 12:42:14 PM org.apache.coyote.AbstractProtocol init
INFO: Initializing ProtocolHandler ["ajp-apr-8009"]
Sep 02, 2017 12:42:14 PM org.apache.catalina.startup.Catalina load
INFO: Initialization processed in 110468 ms
Sep 02, 2017 12:42:16 PM org.apache.catalina.core.StandardService startInternal
INFO: Starting service Catalina
Sep 02, 2017 12:42:16 PM org.apache.catalina.core.StandardEngine startInternal
INFO: Starting Servlet Engine: Apache Tomcat/7.0.73
Sep 02, 2017 12:42:18 PM org.apache.catalina.startup.HostConfig deployDirectory
INFO: Deploying web application directory D:\project\webapps\docs
Sep 02, 2017 12:42:40 PM org.apache.catalina.util.SessionIdGeneratorBase createSecureRandom
INFO: Creation of SecureRandom instance for session ID generation using [SHA1PRNG] took [3,297] milliseconds.
Sep 02, 2017 12:42:41 PM org.apache.catalina.startup.HostConfig deployDirectory
INFO: Deployment of web application directory D:\project\webapps\docs has finished in 23,185 ms
Sep 02, 2017 12:42:41 PM org.apache.catalina.startup.HostConfig deployDirectory
INFO: Deploying web application directory D:\project\webapps\examples
Sep 02, 2017 12:43:29 PM org.apache.catalina.startup.HostConfig deployDirectory
INFO: Deployment of web application directory D:\project\webapps\examples has finished in 47,872 ms
Sep 02, 2017 12:43:29 PM org.apache.catalina.startup.HostConfig deployDirectory
INFO: Deploying web application directory D:\project\webapps\host-manager
Sep 02, 2017 12:43:30 PM org.apache.catalina.startup.HostConfig deployDirectory
INFO: Deployment of web application directory D:\project\webapps\host-manager has finished in 781 ms
Sep 02, 2017 12:43:30 PM org.apache.catalina.startup.HostConfig deployDirectory
INFO: Deploying web application directory D:\project\webapps\manager
Sep 02, 2017 12:43:30 PM org.apache.catalina.startup.HostConfig deployDirectory
INFO: Deployment of web application directory D:\project\webapps\manager has finished in 516 ms
Sep 02, 2017 12:43:30 PM org.apache.catalina.startup.HostConfig deployDirectory
INFO: Deploying web application directory D:\project\webapps\ROOT
Sep 02, 2017 12:43:31 PM org.apache.catalina.startup.HostConfig deployDirectory
INFO: Deployment of web application directory D:\project\webapps\ROOT has finished in 375 ms
Sep 02, 2017 12:43:31 PM org.apache.coyote.AbstractProtocol start
INFO: Starting ProtocolHandler ["http-apr-8080"]
Sep 02, 2017 12:43:31 PM org.apache.coyote.AbstractProtocol start
INFO: Starting ProtocolHandler ["ajp-apr-8009"]
Sep 02, 2017 12:43:31 PM org.apache.catalina.startup.Catalina start
INFO: Server startup in 77323 ms
