Jul 18, 2017 8:39:50 PM org.apache.coyote.AbstractProtocol pause
INFO: Pausing ProtocolHandler ["http-apr-8080"]
Jul 18, 2017 8:40:05 PM org.apache.coyote.AbstractProtocol pause
INFO: Pausing ProtocolHandler ["ajp-apr-8009"]
Jul 18, 2017 8:40:07 PM org.apache.catalina.core.StandardService stopInternal
INFO: Stopping service Catalina
Jul 18, 2017 8:40:23 PM org.apache.coyote.AbstractProtocol stop
INFO: Stopping ProtocolHandler ["http-apr-8080"]
Jul 18, 2017 8:40:23 PM org.apache.coyote.AbstractProtocol stop
INFO: Stopping ProtocolHandler ["ajp-apr-8009"]
Jul 18, 2017 8:40:23 PM org.apache.catalina.util.LifecycleBase stop
INFO: The stop() method was called on component [StandardServer[8005]] after stop() had already been called. The second call will be ignored.
Jul 18, 2017 8:43:29 PM org.apache.catalina.startup.VersionLoggerListener log
INFO: Server version:        Apache Tomcat/7.0.73
Jul 18, 2017 8:43:31 PM org.apache.catalina.startup.VersionLoggerListener log
INFO: Server built:          Nov 7 2016 21:27:23 UTC
Jul 18, 2017 8:43:31 PM org.apache.catalina.startup.VersionLoggerListener log
INFO: Server number:         7.0.73.0
Jul 18, 2017 8:43:31 PM org.apache.catalina.startup.VersionLoggerListener log
INFO: OS Name:               Windows 10
Jul 18, 2017 8:43:31 PM org.apache.catalina.startup.VersionLoggerListener log
INFO: OS Version:            10.0
Jul 18, 2017 8:43:31 PM org.apache.catalina.startup.VersionLoggerListener log
INFO: Architecture:          amd64
Jul 18, 2017 8:43:31 PM org.apache.catalina.startup.VersionLoggerListener log
INFO: Java Home:             C:\Program Files\Java\jre1.8.0_91
Jul 18, 2017 8:43:31 PM org.apache.catalina.startup.VersionLoggerListener log
INFO: JVM Version:           1.8.0_91-b15
Jul 18, 2017 8:43:31 PM org.apache.catalina.startup.VersionLoggerListener log
INFO: JVM Vendor:            Oracle Corporation
Jul 18, 2017 8:43:31 PM org.apache.catalina.startup.VersionLoggerListener log
INFO: CATALINA_BASE:         D:\project
Jul 18, 2017 8:43:31 PM org.apache.catalina.startup.VersionLoggerListener log
INFO: CATALINA_HOME:         D:\project
Jul 18, 2017 8:43:31 PM org.apache.catalina.startup.VersionLoggerListener log
INFO: Command line argument: -Dcatalina.home=D:\project
Jul 18, 2017 8:43:31 PM org.apache.catalina.startup.VersionLoggerListener log
INFO: Command line argument: -Dcatalina.base=D:\project
Jul 18, 2017 8:43:31 PM org.apache.catalina.startup.VersionLoggerListener log
INFO: Command line argument: -Djava.endorsed.dirs=D:\project\endorsed
Jul 18, 2017 8:43:31 PM org.apache.catalina.startup.VersionLoggerListener log
INFO: Command line argument: -Djava.io.tmpdir=D:\project\temp
Jul 18, 2017 8:43:31 PM org.apache.catalina.startup.VersionLoggerListener log
INFO: Command line argument: -Djava.util.logging.manager=org.apache.juli.ClassLoaderLogManager
Jul 18, 2017 8:43:31 PM org.apache.catalina.startup.VersionLoggerListener log
INFO: Command line argument: -Djava.util.logging.config.file=D:\project\conf\logging.properties
Jul 18, 2017 8:43:31 PM org.apache.catalina.startup.VersionLoggerListener log
INFO: Command line argument: exit
Jul 18, 2017 8:43:31 PM org.apache.catalina.startup.VersionLoggerListener log
INFO: Command line argument: -Xms128m
Jul 18, 2017 8:43:31 PM org.apache.catalina.startup.VersionLoggerListener log
INFO: Command line argument: -Xmx256m
Jul 18, 2017 8:43:31 PM org.apache.catalina.core.AprLifecycleListener lifecycleEvent
INFO: Loaded APR based Apache Tomcat Native library 1.2.10 using APR version 1.5.2.
Jul 18, 2017 8:43:31 PM org.apache.catalina.core.AprLifecycleListener lifecycleEvent
INFO: APR capabilities: IPv6 [true], sendfile [true], accept filters [false], random [true].
Jul 18, 2017 8:43:49 PM org.apache.catalina.core.AprLifecycleListener initializeSSL
INFO: OpenSSL successfully initialized (OpenSSL 1.0.2j  26 Sep 2016)
Jul 18, 2017 8:44:03 PM org.apache.coyote.AbstractProtocol init
INFO: Initializing ProtocolHandler ["http-apr-8080"]
Jul 18, 2017 8:44:04 PM org.apache.coyote.AbstractProtocol init
INFO: Initializing ProtocolHandler ["ajp-apr-8009"]
Jul 18, 2017 8:44:04 PM org.apache.catalina.startup.Catalina load
INFO: Initialization processed in 83309 ms
Jul 18, 2017 8:44:05 PM org.apache.catalina.core.StandardService startInternal
INFO: Starting service Catalina
Jul 18, 2017 8:44:05 PM org.apache.catalina.core.StandardEngine startInternal
INFO: Starting Servlet Engine: Apache Tomcat/7.0.73
Jul 18, 2017 8:44:06 PM org.apache.catalina.startup.HostConfig deployDirectory
INFO: Deploying web application directory D:\project\webapps\docs
Jul 18, 2017 8:44:17 PM org.apache.catalina.util.SessionIdGeneratorBase createSecureRandom
INFO: Creation of SecureRandom instance for session ID generation using [SHA1PRNG] took [2,204] milliseconds.
Jul 18, 2017 8:44:19 PM org.apache.catalina.startup.HostConfig deployDirectory
INFO: Deployment of web application directory D:\project\webapps\docs has finished in 13,578 ms
Jul 18, 2017 8:44:19 PM org.apache.catalina.startup.HostConfig deployDirectory
INFO: Deploying web application directory D:\project\webapps\examples
Jul 18, 2017 8:45:25 PM org.apache.catalina.startup.HostConfig deployDirectory
INFO: Deployment of web application directory D:\project\webapps\examples has finished in 65,317 ms
Jul 18, 2017 8:45:25 PM org.apache.catalina.startup.HostConfig deployDirectory
INFO: Deploying web application directory D:\project\webapps\host-manager
Jul 18, 2017 8:45:26 PM org.apache.catalina.startup.HostConfig deployDirectory
INFO: Deployment of web application directory D:\project\webapps\host-manager has finished in 1,766 ms
Jul 18, 2017 8:45:26 PM org.apache.catalina.startup.HostConfig deployDirectory
INFO: Deploying web application directory D:\project\webapps\manager
Jul 18, 2017 8:45:28 PM org.apache.catalina.startup.HostConfig deployDirectory
INFO: Deployment of web application directory D:\project\webapps\manager has finished in 1,719 ms
Jul 18, 2017 8:45:28 PM org.apache.catalina.startup.HostConfig deployDirectory
INFO: Deploying web application directory D:\project\webapps\ROOT
Jul 18, 2017 8:45:31 PM org.apache.catalina.startup.HostConfig deployDirectory
INFO: Deployment of web application directory D:\project\webapps\ROOT has finished in 2,906 ms
Jul 18, 2017 8:45:31 PM org.apache.coyote.AbstractProtocol start
INFO: Starting ProtocolHandler ["http-apr-8080"]
Jul 18, 2017 8:45:32 PM org.apache.coyote.AbstractProtocol start
INFO: Starting ProtocolHandler ["ajp-apr-8009"]
Jul 18, 2017 8:45:32 PM org.apache.catalina.startup.Catalina start
INFO: Server startup in 88031 ms
