[2017-07-11 01:58:11] [info]  [ 2960] Commons Daemon procrun (1.0.15.0 64-bit) started
[2017-07-11 01:58:15] [info]  [ 2960] Running 'Tomcat7' Service...
[2017-07-11 01:58:17] [info]  [ 4412] Starting service...
[2017-07-11 01:58:21] [info]  [ 4412] Service started in 2660 ms.
[2017-07-11 20:32:14] [info]  [ 9208] Console SHUTDOWN event signaled
[2017-07-11 20:32:15] [info]  [ 9208] Stopping service...
[2017-07-11 20:32:18] [info]  [ 9208] Service stop thread completed.
[2017-07-11 20:32:21] [info]  [ 2960] Run service finished.
[2017-07-11 20:32:26] [info]  [ 2960] Commons Daemon procrun finished
[2017-07-11 20:33:56] [info]  [ 2872] Commons Daemon procrun (1.0.15.0 64-bit) started
[2017-07-11 20:33:56] [info]  [ 2872] Running 'Tomcat7' Service...
[2017-07-11 20:33:57] [info]  [ 3644] Starting service...
[2017-07-11 20:34:02] [info]  [ 3644] Service started in 3269 ms.
[2017-07-11 20:42:48] [info]  [ 7164] Console SHUTDOWN event signaled
[2017-07-11 20:42:49] [info]  [ 7164] Stopping service...
[2017-07-11 20:42:50] [info]  [ 7164] Service stop thread completed.
[2017-07-11 20:42:51] [info]  [ 2872] Run service finished.
[2017-07-11 20:42:52] [info]  [ 2872] Commons Daemon procrun finished
[2017-07-11 20:44:14] [info]  [ 3116] Commons Daemon procrun (1.0.15.0 64-bit) started
[2017-07-11 20:44:14] [info]  [ 3116] Running 'Tomcat7' Service...
[2017-07-11 20:44:15] [info]  [ 3616] Starting service...
[2017-07-11 20:44:19] [info]  [ 3616] Service started in 3650 ms.
[2017-07-12 12:04:10] [info]  [ 8592] Console SHUTDOWN event signaled
[2017-07-12 12:04:10] [info]  [ 8592] Stopping service...
[2017-07-12 12:04:13] [info]  [ 8592] Service stop thread completed.
[2017-07-12 12:04:13] [info]  [ 3116] Run service finished.
[2017-07-12 12:04:13] [info]  [ 3116] Commons Daemon procrun finished
