[2017-06-16 10:42:56] [info]  [ 3340] Commons Daemon procrun (1.0.15.0 64-bit) started
[2017-06-16 10:43:00] [info]  [ 3340] Running 'Tomcat7' Service...
[2017-06-16 10:43:02] [info]  [ 4272] Starting service...
[2017-06-16 10:43:11] [info]  [ 4272] Service started in 5984 ms.
[2017-06-16 23:40:59] [info]  [ 3248] Console SHUTDOWN event signaled
[2017-06-16 23:41:01] [info]  [ 3248] Stopping service...
[2017-06-16 23:41:07] [info]  [ 3340] Service SHUTDOWN signaled
[2017-06-16 23:41:17] [info]  [ 5792] Stopping service...
[2017-06-16 23:41:19] [info]  [ 3248] Service stop thread completed.
[2017-06-16 23:41:20] [info]  [ 5792] Service stop thread completed.
[2017-06-16 23:42:22] [info]  [ 3340] Run service finished.
[2017-06-16 23:43:12] [info]  [ 2208] Commons Daemon procrun (1.0.15.0 64-bit) started
[2017-06-16 23:43:13] [info]  [ 2208] Running 'Tomcat7' Service...
[2017-06-16 23:43:14] [info]  [ 3756] Starting service...
[2017-06-16 23:43:19] [info]  [ 3756] Service started in 2987 ms.
[2017-06-19 22:04:19] [info]  [11960] Console SHUTDOWN event signaled
[2017-06-19 22:04:19] [info]  [11960] Stopping service...
[2017-06-19 22:04:24] [info]  [ 2208] Service SHUTDOWN signaled
[2017-06-19 22:04:26] [info]  [11960] Service stop thread completed.
[2017-06-19 22:04:30] [info]  [ 1904] Stopping service...
[2017-06-19 22:04:50] [info]  [ 2208] Run service finished.
[2017-06-19 22:04:53] [info]  [ 2208] Commons Daemon procrun finished
