[2017-06-09 04:08:05] [info]  [ 2968] Commons Daemon procrun (1.0.15.0 64-bit) started
[2017-06-09 04:08:08] [info]  [ 2968] Running 'Tomcat7' Service...
[2017-06-09 04:08:10] [info]  [ 4412] Starting service...
[2017-06-09 04:08:15] [info]  [ 4412] Service started in 3315 ms.
[2017-06-09 20:05:37] [info]  [ 6460] Console SHUTDOWN event signaled
[2017-06-09 20:05:38] [info]  [ 6460] Stopping service...
[2017-06-09 20:05:42] [info]  [ 6460] Service stop thread completed.
[2017-06-09 20:05:43] [info]  [ 2968] Run service finished.
[2017-06-09 20:05:51] [info]  [ 2968] Commons Daemon procrun finished
[2017-06-09 20:07:17] [info]  [ 3204] Commons Daemon procrun (1.0.15.0 64-bit) started
[2017-06-09 20:07:19] [info]  [ 3204] Running 'Tomcat7' Service...
[2017-06-09 20:07:20] [info]  [ 4080] Starting service...
[2017-06-09 20:07:23] [info]  [ 4080] Service started in 2522 ms.
[2017-06-13 16:08:59] [info]  [ 4496] Console SHUTDOWN event signaled
[2017-06-13 16:09:00] [info]  [ 4496] Stopping service...
[2017-06-13 16:09:04] [info]  [ 3204] Service SHUTDOWN signaled
[2017-06-13 16:09:08] [info]  [   92] Stopping service...
[2017-06-13 16:09:16] [info]  [ 4496] Service stop thread completed.
[2017-06-13 16:09:18] [info]  [   92] Service stop thread completed.
[2017-06-13 16:09:23] [info]  [ 3204] Run service finished.
[2017-06-13 16:09:25] [info]  [ 3204] Commons Daemon procrun finished
