Jun 16, 2017 10:41:25 AM org.apache.catalina.core.ApplicationContext log
INFO: SessionListener: contextDestroyed()
Jun 16, 2017 10:41:25 AM org.apache.catalina.core.ApplicationContext log
INFO: ContextListener: contextDestroyed()
Jun 16, 2017 10:45:06 AM org.apache.catalina.core.ApplicationContext log
INFO: ContextListener: contextInitialized()
Jun 16, 2017 10:45:06 AM org.apache.catalina.core.ApplicationContext log
INFO: SessionListener: contextInitialized()
Jun 16, 2017 10:45:06 AM org.apache.catalina.core.ApplicationContext log
INFO: ContextListener: attributeAdded('org.apache.jasper.compiler.TldLocationsCache', 'org.apache.jasper.compiler.TldLocationsCache@7cd8273d')
Jun 16, 2017 11:41:18 PM org.apache.catalina.core.ApplicationContext log
INFO: SessionListener: contextDestroyed()
Jun 16, 2017 11:41:18 PM org.apache.catalina.core.ApplicationContext log
INFO: ContextListener: contextDestroyed()
Jun 16, 2017 11:44:49 PM org.apache.catalina.core.ApplicationContext log
INFO: ContextListener: contextInitialized()
Jun 16, 2017 11:44:49 PM org.apache.catalina.core.ApplicationContext log
INFO: SessionListener: contextInitialized()
Jun 16, 2017 11:44:49 PM org.apache.catalina.core.ApplicationContext log
INFO: ContextListener: attributeAdded('org.apache.jasper.compiler.TldLocationsCache', 'org.apache.jasper.compiler.TldLocationsCache@4a63a921')
