
2017-08-10 15:08:01 Commons Daemon procrun stderr initialized
Aug 10, 2017 3:09:11 PM org.apache.catalina.startup.VersionLoggerListener log
INFO: Server version:        Apache Tomcat/7.0.73
Aug 10, 2017 3:09:12 PM org.apache.catalina.startup.VersionLoggerListener log
INFO: Server built:          Nov 7 2016 21:27:23 UTC
Aug 10, 2017 3:09:12 PM org.apache.catalina.startup.VersionLoggerListener log
INFO: Server number:         7.0.73.0
Aug 10, 2017 3:09:12 PM org.apache.catalina.startup.VersionLoggerListener log
INFO: OS Name:               Windows 10
Aug 10, 2017 3:09:12 PM org.apache.catalina.startup.VersionLoggerListener log
INFO: OS Version:            10.0
Aug 10, 2017 3:09:12 PM org.apache.catalina.startup.VersionLoggerListener log
INFO: Architecture:          amd64
Aug 10, 2017 3:09:12 PM org.apache.catalina.startup.VersionLoggerListener log
INFO: Java Home:             C:\Program Files\Java\jre1.8.0_91
Aug 10, 2017 3:09:12 PM org.apache.catalina.startup.VersionLoggerListener log
INFO: JVM Version:           1.8.0_91-b15
Aug 10, 2017 3:09:12 PM org.apache.catalina.startup.VersionLoggerListener log
INFO: JVM Vendor:            Oracle Corporation
Aug 10, 2017 3:09:12 PM org.apache.catalina.startup.VersionLoggerListener log
INFO: CATALINA_BASE:         D:\project
Aug 10, 2017 3:09:12 PM org.apache.catalina.startup.VersionLoggerListener log
INFO: CATALINA_HOME:         D:\project
Aug 10, 2017 3:09:12 PM org.apache.catalina.startup.VersionLoggerListener log
INFO: Command line argument: -Dcatalina.home=D:\project
Aug 10, 2017 3:09:12 PM org.apache.catalina.startup.VersionLoggerListener log
INFO: Command line argument: -Dcatalina.base=D:\project
Aug 10, 2017 3:09:12 PM org.apache.catalina.startup.VersionLoggerListener log
INFO: Command line argument: -Djava.endorsed.dirs=D:\project\endorsed
Aug 10, 2017 3:09:12 PM org.apache.catalina.startup.VersionLoggerListener log
INFO: Command line argument: -Djava.io.tmpdir=D:\project\temp
Aug 10, 2017 3:09:12 PM org.apache.catalina.startup.VersionLoggerListener log
INFO: Command line argument: -Djava.util.logging.manager=org.apache.juli.ClassLoaderLogManager
Aug 10, 2017 3:09:12 PM org.apache.catalina.startup.VersionLoggerListener log
INFO: Command line argument: -Djava.util.logging.config.file=D:\project\conf\logging.properties
Aug 10, 2017 3:09:12 PM org.apache.catalina.startup.VersionLoggerListener log
INFO: Command line argument: exit
Aug 10, 2017 3:09:12 PM org.apache.catalina.startup.VersionLoggerListener log
INFO: Command line argument: -Xms128m
Aug 10, 2017 3:09:12 PM org.apache.catalina.startup.VersionLoggerListener log
INFO: Command line argument: -Xmx256m
Aug 10, 2017 3:09:12 PM org.apache.catalina.core.AprLifecycleListener lifecycleEvent
INFO: Loaded APR based Apache Tomcat Native library 1.2.10 using APR version 1.5.2.
Aug 10, 2017 3:09:12 PM org.apache.catalina.core.AprLifecycleListener lifecycleEvent
INFO: APR capabilities: IPv6 [true], sendfile [true], accept filters [false], random [true].
Aug 10, 2017 3:09:15 PM org.apache.catalina.core.AprLifecycleListener initializeSSL
INFO: OpenSSL successfully initialized (OpenSSL 1.0.2j  26 Sep 2016)
Aug 10, 2017 3:09:35 PM org.apache.coyote.AbstractProtocol init
INFO: Initializing ProtocolHandler ["http-apr-8080"]
Aug 10, 2017 3:09:36 PM org.apache.coyote.AbstractProtocol init
INFO: Initializing ProtocolHandler ["ajp-apr-8009"]
Aug 10, 2017 3:09:36 PM org.apache.catalina.startup.Catalina load
INFO: Initialization processed in 77496 ms
Aug 10, 2017 3:09:37 PM org.apache.catalina.core.StandardService startInternal
INFO: Starting service Catalina
Aug 10, 2017 3:09:37 PM org.apache.catalina.core.StandardEngine startInternal
INFO: Starting Servlet Engine: Apache Tomcat/7.0.73
Aug 10, 2017 3:09:38 PM org.apache.catalina.startup.HostConfig deployDirectory
INFO: Deploying web application directory D:\project\webapps\docs
Aug 10, 2017 3:09:46 PM org.apache.catalina.util.SessionIdGeneratorBase createSecureRandom
INFO: Creation of SecureRandom instance for session ID generation using [SHA1PRNG] took [1,860] milliseconds.
Aug 10, 2017 3:09:46 PM org.apache.catalina.startup.HostConfig deployDirectory
INFO: Deployment of web application directory D:\project\webapps\docs has finished in 8,735 ms
Aug 10, 2017 3:09:46 PM org.apache.catalina.startup.HostConfig deployDirectory
INFO: Deploying web application directory D:\project\webapps\examples
Aug 10, 2017 3:10:04 PM org.apache.catalina.startup.HostConfig deployDirectory
INFO: Deployment of web application directory D:\project\webapps\examples has finished in 17,421 ms
Aug 10, 2017 3:10:04 PM org.apache.catalina.startup.HostConfig deployDirectory
INFO: Deploying web application directory D:\project\webapps\host-manager
Aug 10, 2017 3:10:04 PM org.apache.catalina.startup.HostConfig deployDirectory
INFO: Deployment of web application directory D:\project\webapps\host-manager has finished in 516 ms
Aug 10, 2017 3:10:04 PM org.apache.catalina.startup.HostConfig deployDirectory
INFO: Deploying web application directory D:\project\webapps\manager
Aug 10, 2017 3:10:05 PM org.apache.catalina.startup.HostConfig deployDirectory
INFO: Deployment of web application directory D:\project\webapps\manager has finished in 625 ms
Aug 10, 2017 3:10:05 PM org.apache.catalina.startup.HostConfig deployDirectory
INFO: Deploying web application directory D:\project\webapps\ROOT
Aug 10, 2017 3:10:06 PM org.apache.catalina.startup.HostConfig deployDirectory
INFO: Deployment of web application directory D:\project\webapps\ROOT has finished in 594 ms
Aug 10, 2017 3:10:06 PM org.apache.coyote.AbstractProtocol start
INFO: Starting ProtocolHandler ["http-apr-8080"]
Aug 10, 2017 3:10:06 PM org.apache.coyote.AbstractProtocol start
INFO: Starting ProtocolHandler ["ajp-apr-8009"]
Aug 10, 2017 3:10:06 PM org.apache.catalina.startup.Catalina start
INFO: Server startup in 30406 ms
Aug 11, 2017 8:14:28 PM org.apache.coyote.AbstractProtocol pause
INFO: Pausing ProtocolHandler ["http-apr-8080"]
Aug 11, 2017 8:14:28 PM org.apache.coyote.AbstractProtocol pause
INFO: Pausing ProtocolHandler ["ajp-apr-8009"]
Aug 11, 2017 8:14:28 PM org.apache.catalina.core.StandardService stopInternal
INFO: Stopping service Catalina
Aug 11, 2017 8:14:30 PM org.apache.coyote.AbstractProtocol stop
INFO: Stopping ProtocolHandler ["http-apr-8080"]
Aug 11, 2017 8:14:30 PM org.apache.coyote.AbstractProtocol stop
INFO: Stopping ProtocolHandler ["ajp-apr-8009"]
