
2017-04-21 22:46:13 Commons Daemon procrun stderr initialized
Apr 21, 2017 10:47:39 PM org.apache.catalina.startup.VersionLoggerListener log
INFO: Server version:        Apache Tomcat/7.0.73
Apr 21, 2017 10:47:42 PM org.apache.catalina.startup.VersionLoggerListener log
INFO: Server built:          Nov 7 2016 21:27:23 UTC
Apr 21, 2017 10:47:42 PM org.apache.catalina.startup.VersionLoggerListener log
INFO: Server number:         7.0.73.0
Apr 21, 2017 10:47:42 PM org.apache.catalina.startup.VersionLoggerListener log
INFO: OS Name:               Windows 10
Apr 21, 2017 10:47:42 PM org.apache.catalina.startup.VersionLoggerListener log
INFO: OS Version:            10.0
Apr 21, 2017 10:47:42 PM org.apache.catalina.startup.VersionLoggerListener log
INFO: Architecture:          amd64
Apr 21, 2017 10:47:42 PM org.apache.catalina.startup.VersionLoggerListener log
INFO: Java Home:             C:\Program Files\Java\jre1.8.0_91
Apr 21, 2017 10:47:42 PM org.apache.catalina.startup.VersionLoggerListener log
INFO: JVM Version:           1.8.0_91-b15
Apr 21, 2017 10:47:42 PM org.apache.catalina.startup.VersionLoggerListener log
INFO: JVM Vendor:            Oracle Corporation
Apr 21, 2017 10:47:42 PM org.apache.catalina.startup.VersionLoggerListener log
INFO: CATALINA_BASE:         D:\project
Apr 21, 2017 10:47:42 PM org.apache.catalina.startup.VersionLoggerListener log
INFO: CATALINA_HOME:         D:\project
Apr 21, 2017 10:47:42 PM org.apache.catalina.startup.VersionLoggerListener log
INFO: Command line argument: -Dcatalina.home=D:\project
Apr 21, 2017 10:47:42 PM org.apache.catalina.startup.VersionLoggerListener log
INFO: Command line argument: -Dcatalina.base=D:\project
Apr 21, 2017 10:47:42 PM org.apache.catalina.startup.VersionLoggerListener log
INFO: Command line argument: -Djava.endorsed.dirs=D:\project\endorsed
Apr 21, 2017 10:47:42 PM org.apache.catalina.startup.VersionLoggerListener log
INFO: Command line argument: -Djava.io.tmpdir=D:\project\temp
Apr 21, 2017 10:47:42 PM org.apache.catalina.startup.VersionLoggerListener log
INFO: Command line argument: -Djava.util.logging.manager=org.apache.juli.ClassLoaderLogManager
Apr 21, 2017 10:47:42 PM org.apache.catalina.startup.VersionLoggerListener log
INFO: Command line argument: -Djava.util.logging.config.file=D:\project\conf\logging.properties
Apr 21, 2017 10:47:42 PM org.apache.catalina.startup.VersionLoggerListener log
INFO: Command line argument: exit
Apr 21, 2017 10:47:42 PM org.apache.catalina.startup.VersionLoggerListener log
INFO: Command line argument: -Xms128m
Apr 21, 2017 10:47:42 PM org.apache.catalina.startup.VersionLoggerListener log
INFO: Command line argument: -Xmx256m
Apr 21, 2017 10:47:42 PM org.apache.catalina.core.AprLifecycleListener lifecycleEvent
INFO: Loaded APR based Apache Tomcat Native library 1.2.10 using APR version 1.5.2.
Apr 21, 2017 10:47:42 PM org.apache.catalina.core.AprLifecycleListener lifecycleEvent
INFO: APR capabilities: IPv6 [true], sendfile [true], accept filters [false], random [true].
Apr 21, 2017 10:47:49 PM org.apache.catalina.core.AprLifecycleListener initializeSSL
INFO: OpenSSL successfully initialized (OpenSSL 1.0.2j  26 Sep 2016)
Apr 21, 2017 10:48:18 PM org.apache.coyote.AbstractProtocol init
INFO: Initializing ProtocolHandler ["http-apr-8080"]
Apr 21, 2017 10:48:18 PM org.apache.coyote.AbstractProtocol init
INFO: Initializing ProtocolHandler ["ajp-apr-8009"]
Apr 21, 2017 10:48:18 PM org.apache.catalina.startup.Catalina load
INFO: Initialization processed in 96946 ms
Apr 21, 2017 10:48:21 PM org.apache.catalina.core.StandardService startInternal
INFO: Starting service Catalina
Apr 21, 2017 10:48:21 PM org.apache.catalina.core.StandardEngine startInternal
INFO: Starting Servlet Engine: Apache Tomcat/7.0.73
Apr 21, 2017 10:48:21 PM org.apache.catalina.startup.HostConfig deployDirectory
INFO: Deploying web application directory D:\project\webapps\docs
Apr 21, 2017 10:48:36 PM org.apache.catalina.util.SessionIdGeneratorBase createSecureRandom
INFO: Creation of SecureRandom instance for session ID generation using [SHA1PRNG] took [1,625] milliseconds.
Apr 21, 2017 10:48:36 PM org.apache.catalina.startup.HostConfig deployDirectory
INFO: Deployment of web application directory D:\project\webapps\docs has finished in 14,812 ms
Apr 21, 2017 10:48:36 PM org.apache.catalina.startup.HostConfig deployDirectory
INFO: Deploying web application directory D:\project\webapps\examples
Apr 21, 2017 10:48:52 PM org.apache.catalina.startup.HostConfig deployDirectory
INFO: Deployment of web application directory D:\project\webapps\examples has finished in 15,563 ms
Apr 21, 2017 10:48:52 PM org.apache.catalina.startup.HostConfig deployDirectory
INFO: Deploying web application directory D:\project\webapps\host-manager
Apr 21, 2017 10:48:52 PM org.apache.catalina.startup.HostConfig deployDirectory
INFO: Deployment of web application directory D:\project\webapps\host-manager has finished in 625 ms
Apr 21, 2017 10:48:52 PM org.apache.catalina.startup.HostConfig deployDirectory
INFO: Deploying web application directory D:\project\webapps\manager
Apr 21, 2017 10:48:53 PM org.apache.catalina.startup.HostConfig deployDirectory
INFO: Deployment of web application directory D:\project\webapps\manager has finished in 281 ms
Apr 21, 2017 10:48:53 PM org.apache.catalina.startup.HostConfig deployDirectory
INFO: Deploying web application directory D:\project\webapps\ROOT
Apr 21, 2017 10:48:53 PM org.apache.catalina.startup.HostConfig deployDirectory
INFO: Deployment of web application directory D:\project\webapps\ROOT has finished in 515 ms
Apr 21, 2017 10:48:53 PM org.apache.coyote.AbstractProtocol start
INFO: Starting ProtocolHandler ["http-apr-8080"]
Apr 21, 2017 10:48:54 PM org.apache.coyote.AbstractProtocol start
INFO: Starting ProtocolHandler ["ajp-apr-8009"]
Apr 21, 2017 10:48:54 PM org.apache.catalina.startup.Catalina start
INFO: Server startup in 35325 ms
May 11, 2017 10:44:39 PM org.apache.coyote.AbstractProtocol pause
INFO: Pausing ProtocolHandler ["http-apr-8080"]
May 11, 2017 10:45:04 PM org.apache.coyote.AbstractProtocol pause
INFO: Pausing ProtocolHandler ["ajp-apr-8009"]
May 11, 2017 10:45:04 PM org.apache.catalina.core.StandardService stopInternal
INFO: Stopping service Catalina
May 11, 2017 10:45:18 PM org.apache.coyote.AbstractProtocol stop
INFO: Stopping ProtocolHandler ["http-apr-8080"]
May 11, 2017 10:45:18 PM org.apache.coyote.AbstractProtocol stop
INFO: Stopping ProtocolHandler ["ajp-apr-8009"]
May 11, 2017 10:45:18 PM org.apache.catalina.util.LifecycleBase stop
INFO: The stop() method was called on component [StandardServer[8005]] after stop() had already been called. The second call will be ignored.
