
2017-05-11 22:46:33 Commons Daemon procrun stderr initialized
May 11, 2017 10:49:30 PM org.apache.catalina.startup.VersionLoggerListener log
INFO: Server version:        Apache Tomcat/7.0.73
May 11, 2017 10:49:32 PM org.apache.catalina.startup.VersionLoggerListener log
INFO: Server built:          Nov 7 2016 21:27:23 UTC
May 11, 2017 10:49:32 PM org.apache.catalina.startup.VersionLoggerListener log
INFO: Server number:         7.0.73.0
May 11, 2017 10:49:32 PM org.apache.catalina.startup.VersionLoggerListener log
INFO: OS Name:               Windows 10
May 11, 2017 10:49:32 PM org.apache.catalina.startup.VersionLoggerListener log
INFO: OS Version:            10.0
May 11, 2017 10:49:32 PM org.apache.catalina.startup.VersionLoggerListener log
INFO: Architecture:          amd64
May 11, 2017 10:49:32 PM org.apache.catalina.startup.VersionLoggerListener log
INFO: Java Home:             C:\Program Files\Java\jre1.8.0_91
May 11, 2017 10:49:32 PM org.apache.catalina.startup.VersionLoggerListener log
INFO: JVM Version:           1.8.0_91-b15
May 11, 2017 10:49:32 PM org.apache.catalina.startup.VersionLoggerListener log
INFO: JVM Vendor:            Oracle Corporation
May 11, 2017 10:49:32 PM org.apache.catalina.startup.VersionLoggerListener log
INFO: CATALINA_BASE:         D:\project
May 11, 2017 10:49:32 PM org.apache.catalina.startup.VersionLoggerListener log
INFO: CATALINA_HOME:         D:\project
May 11, 2017 10:49:32 PM org.apache.catalina.startup.VersionLoggerListener log
INFO: Command line argument: -Dcatalina.home=D:\project
May 11, 2017 10:49:32 PM org.apache.catalina.startup.VersionLoggerListener log
INFO: Command line argument: -Dcatalina.base=D:\project
May 11, 2017 10:49:32 PM org.apache.catalina.startup.VersionLoggerListener log
INFO: Command line argument: -Djava.endorsed.dirs=D:\project\endorsed
May 11, 2017 10:49:32 PM org.apache.catalina.startup.VersionLoggerListener log
INFO: Command line argument: -Djava.io.tmpdir=D:\project\temp
May 11, 2017 10:49:32 PM org.apache.catalina.startup.VersionLoggerListener log
INFO: Command line argument: -Djava.util.logging.manager=org.apache.juli.ClassLoaderLogManager
May 11, 2017 10:49:32 PM org.apache.catalina.startup.VersionLoggerListener log
INFO: Command line argument: -Djava.util.logging.config.file=D:\project\conf\logging.properties
May 11, 2017 10:49:32 PM org.apache.catalina.startup.VersionLoggerListener log
INFO: Command line argument: exit
May 11, 2017 10:49:32 PM org.apache.catalina.startup.VersionLoggerListener log
INFO: Command line argument: -Xms128m
May 11, 2017 10:49:32 PM org.apache.catalina.startup.VersionLoggerListener log
INFO: Command line argument: -Xmx256m
May 11, 2017 10:49:32 PM org.apache.catalina.core.AprLifecycleListener lifecycleEvent
INFO: Loaded APR based Apache Tomcat Native library 1.2.10 using APR version 1.5.2.
May 11, 2017 10:49:32 PM org.apache.catalina.core.AprLifecycleListener lifecycleEvent
INFO: APR capabilities: IPv6 [true], sendfile [true], accept filters [false], random [true].
May 11, 2017 10:49:35 PM org.apache.catalina.core.AprLifecycleListener initializeSSL
INFO: OpenSSL successfully initialized (OpenSSL 1.0.2j  26 Sep 2016)
May 11, 2017 10:49:50 PM org.apache.coyote.AbstractProtocol init
INFO: Initializing ProtocolHandler ["http-apr-8080"]
May 11, 2017 10:49:50 PM org.apache.coyote.AbstractProtocol init
INFO: Initializing ProtocolHandler ["ajp-apr-8009"]
May 11, 2017 10:49:50 PM org.apache.catalina.startup.Catalina load
INFO: Initialization processed in 90553 ms
May 11, 2017 10:49:51 PM org.apache.catalina.core.StandardService startInternal
INFO: Starting service Catalina
May 11, 2017 10:49:51 PM org.apache.catalina.core.StandardEngine startInternal
INFO: Starting Servlet Engine: Apache Tomcat/7.0.73
May 11, 2017 10:49:52 PM org.apache.catalina.startup.HostConfig deployDirectory
INFO: Deploying web application directory D:\project\webapps\docs
May 11, 2017 10:50:01 PM org.apache.catalina.util.SessionIdGeneratorBase createSecureRandom
INFO: Creation of SecureRandom instance for session ID generation using [SHA1PRNG] took [1,734] milliseconds.
May 11, 2017 10:50:02 PM org.apache.catalina.startup.HostConfig deployDirectory
INFO: Deployment of web application directory D:\project\webapps\docs has finished in 10,156 ms
May 11, 2017 10:50:02 PM org.apache.catalina.startup.HostConfig deployDirectory
INFO: Deploying web application directory D:\project\webapps\examples
May 11, 2017 10:50:32 PM org.apache.catalina.startup.HostConfig deployDirectory
INFO: Deployment of web application directory D:\project\webapps\examples has finished in 30,516 ms
May 11, 2017 10:50:32 PM org.apache.catalina.startup.HostConfig deployDirectory
INFO: Deploying web application directory D:\project\webapps\host-manager
May 11, 2017 10:50:33 PM org.apache.catalina.startup.HostConfig deployDirectory
INFO: Deployment of web application directory D:\project\webapps\host-manager has finished in 718 ms
May 11, 2017 10:50:33 PM org.apache.catalina.startup.HostConfig deployDirectory
INFO: Deploying web application directory D:\project\webapps\manager
May 11, 2017 10:50:33 PM org.apache.catalina.startup.HostConfig deployDirectory
INFO: Deployment of web application directory D:\project\webapps\manager has finished in 578 ms
May 11, 2017 10:50:33 PM org.apache.catalina.startup.HostConfig deployDirectory
INFO: Deploying web application directory D:\project\webapps\ROOT
May 11, 2017 10:50:34 PM org.apache.catalina.startup.HostConfig deployDirectory
INFO: Deployment of web application directory D:\project\webapps\ROOT has finished in 500 ms
May 11, 2017 10:50:34 PM org.apache.coyote.AbstractProtocol start
INFO: Starting ProtocolHandler ["http-apr-8080"]
May 11, 2017 10:50:35 PM org.apache.coyote.AbstractProtocol start
INFO: Starting ProtocolHandler ["ajp-apr-8009"]
May 11, 2017 10:50:35 PM org.apache.catalina.startup.Catalina start
INFO: Server startup in 44616 ms

2017-05-11 22:55:59 Commons Daemon procrun stderr initialized
May 11, 2017 10:58:00 PM org.apache.catalina.startup.VersionLoggerListener log
INFO: Server version:        Apache Tomcat/7.0.73
May 11, 2017 10:58:01 PM org.apache.catalina.startup.VersionLoggerListener log
INFO: Server built:          Nov 7 2016 21:27:23 UTC
May 11, 2017 10:58:01 PM org.apache.catalina.startup.VersionLoggerListener log
INFO: Server number:         7.0.73.0
May 11, 2017 10:58:01 PM org.apache.catalina.startup.VersionLoggerListener log
INFO: OS Name:               Windows 10
May 11, 2017 10:58:01 PM org.apache.catalina.startup.VersionLoggerListener log
INFO: OS Version:            10.0
May 11, 2017 10:58:01 PM org.apache.catalina.startup.VersionLoggerListener log
INFO: Architecture:          amd64
May 11, 2017 10:58:01 PM org.apache.catalina.startup.VersionLoggerListener log
INFO: Java Home:             C:\Program Files\Java\jre1.8.0_91
May 11, 2017 10:58:01 PM org.apache.catalina.startup.VersionLoggerListener log
INFO: JVM Version:           1.8.0_91-b15
May 11, 2017 10:58:01 PM org.apache.catalina.startup.VersionLoggerListener log
INFO: JVM Vendor:            Oracle Corporation
May 11, 2017 10:58:01 PM org.apache.catalina.startup.VersionLoggerListener log
INFO: CATALINA_BASE:         D:\project
May 11, 2017 10:58:01 PM org.apache.catalina.startup.VersionLoggerListener log
INFO: CATALINA_HOME:         D:\project
May 11, 2017 10:58:01 PM org.apache.catalina.startup.VersionLoggerListener log
INFO: Command line argument: -Dcatalina.home=D:\project
May 11, 2017 10:58:01 PM org.apache.catalina.startup.VersionLoggerListener log
INFO: Command line argument: -Dcatalina.base=D:\project
May 11, 2017 10:58:01 PM org.apache.catalina.startup.VersionLoggerListener log
INFO: Command line argument: -Djava.endorsed.dirs=D:\project\endorsed
May 11, 2017 10:58:01 PM org.apache.catalina.startup.VersionLoggerListener log
INFO: Command line argument: -Djava.io.tmpdir=D:\project\temp
May 11, 2017 10:58:01 PM org.apache.catalina.startup.VersionLoggerListener log
INFO: Command line argument: -Djava.util.logging.manager=org.apache.juli.ClassLoaderLogManager
May 11, 2017 10:58:01 PM org.apache.catalina.startup.VersionLoggerListener log
INFO: Command line argument: -Djava.util.logging.config.file=D:\project\conf\logging.properties
May 11, 2017 10:58:01 PM org.apache.catalina.startup.VersionLoggerListener log
INFO: Command line argument: exit
May 11, 2017 10:58:01 PM org.apache.catalina.startup.VersionLoggerListener log
INFO: Command line argument: -Xms128m
May 11, 2017 10:58:01 PM org.apache.catalina.startup.VersionLoggerListener log
INFO: Command line argument: -Xmx256m
May 11, 2017 10:58:01 PM org.apache.catalina.core.AprLifecycleListener lifecycleEvent
INFO: Loaded APR based Apache Tomcat Native library 1.2.10 using APR version 1.5.2.
May 11, 2017 10:58:01 PM org.apache.catalina.core.AprLifecycleListener lifecycleEvent
INFO: APR capabilities: IPv6 [true], sendfile [true], accept filters [false], random [true].
May 11, 2017 10:58:03 PM org.apache.catalina.core.AprLifecycleListener initializeSSL
INFO: OpenSSL successfully initialized (OpenSSL 1.0.2j  26 Sep 2016)
May 11, 2017 10:58:19 PM org.apache.coyote.AbstractProtocol init
INFO: Initializing ProtocolHandler ["http-apr-8080"]
May 11, 2017 10:58:19 PM org.apache.coyote.AbstractProtocol init
INFO: Initializing ProtocolHandler ["ajp-apr-8009"]
May 11, 2017 10:58:19 PM org.apache.catalina.startup.Catalina load
INFO: Initialization processed in 44757 ms
May 11, 2017 10:58:20 PM org.apache.catalina.core.StandardService startInternal
INFO: Starting service Catalina
May 11, 2017 10:58:20 PM org.apache.catalina.core.StandardEngine startInternal
INFO: Starting Servlet Engine: Apache Tomcat/7.0.73
May 11, 2017 10:58:20 PM org.apache.catalina.startup.HostConfig deployDirectory
INFO: Deploying web application directory D:\project\webapps\docs
May 11, 2017 10:58:36 PM org.apache.catalina.util.SessionIdGeneratorBase createSecureRandom
INFO: Creation of SecureRandom instance for session ID generation using [SHA1PRNG] took [2,594] milliseconds.
May 11, 2017 10:58:42 PM org.apache.catalina.startup.HostConfig deployDirectory
INFO: Deployment of web application directory D:\project\webapps\docs has finished in 21,531 ms
May 11, 2017 10:58:42 PM org.apache.catalina.startup.HostConfig deployDirectory
INFO: Deploying web application directory D:\project\webapps\examples
May 11, 2017 10:59:20 PM org.apache.catalina.startup.HostConfig deployDirectory
INFO: Deployment of web application directory D:\project\webapps\examples has finished in 38,171 ms
May 11, 2017 10:59:20 PM org.apache.catalina.startup.HostConfig deployDirectory
INFO: Deploying web application directory D:\project\webapps\host-manager
May 11, 2017 10:59:21 PM org.apache.catalina.startup.HostConfig deployDirectory
INFO: Deployment of web application directory D:\project\webapps\host-manager has finished in 500 ms
May 11, 2017 10:59:21 PM org.apache.catalina.startup.HostConfig deployDirectory
INFO: Deploying web application directory D:\project\webapps\manager
May 11, 2017 10:59:22 PM org.apache.catalina.startup.HostConfig deployDirectory
INFO: Deployment of web application directory D:\project\webapps\manager has finished in 984 ms
May 11, 2017 10:59:22 PM org.apache.catalina.startup.HostConfig deployDirectory
INFO: Deploying web application directory D:\project\webapps\ROOT
May 11, 2017 10:59:22 PM org.apache.catalina.startup.HostConfig deployDirectory
INFO: Deployment of web application directory D:\project\webapps\ROOT has finished in 500 ms
May 11, 2017 10:59:22 PM org.apache.coyote.AbstractProtocol start
INFO: Starting ProtocolHandler ["http-apr-8080"]
May 11, 2017 10:59:22 PM org.apache.coyote.AbstractProtocol start
INFO: Starting ProtocolHandler ["ajp-apr-8009"]
May 11, 2017 10:59:22 PM org.apache.catalina.startup.Catalina start
INFO: Server startup in 63297 ms
May 12, 2017 2:29:25 AM org.apache.coyote.AbstractProtocol pause
INFO: Pausing ProtocolHandler ["http-apr-8080"]
May 12, 2017 2:29:26 AM org.apache.coyote.AbstractProtocol pause
INFO: Pausing ProtocolHandler ["ajp-apr-8009"]
May 12, 2017 2:29:26 AM org.apache.catalina.core.StandardService stopInternal
INFO: Stopping service Catalina
May 12, 2017 2:29:28 AM org.apache.coyote.AbstractProtocol stop
INFO: Stopping ProtocolHandler ["http-apr-8080"]
May 12, 2017 2:29:28 AM org.apache.coyote.AbstractProtocol stop
INFO: Stopping ProtocolHandler ["ajp-apr-8009"]
