
2017-07-09 16:56:14 Commons Daemon procrun stderr initialized
Jul 09, 2017 4:56:47 PM org.apache.catalina.startup.VersionLoggerListener log
INFO: Server version:        Apache Tomcat/7.0.73
Jul 09, 2017 4:56:47 PM org.apache.catalina.startup.VersionLoggerListener log
INFO: Server built:          Nov 7 2016 21:27:23 UTC
Jul 09, 2017 4:56:47 PM org.apache.catalina.startup.VersionLoggerListener log
INFO: Server number:         7.0.73.0
Jul 09, 2017 4:56:47 PM org.apache.catalina.startup.VersionLoggerListener log
INFO: OS Name:               Windows 10
Jul 09, 2017 4:56:47 PM org.apache.catalina.startup.VersionLoggerListener log
INFO: OS Version:            10.0
Jul 09, 2017 4:56:47 PM org.apache.catalina.startup.VersionLoggerListener log
INFO: Architecture:          amd64
Jul 09, 2017 4:56:47 PM org.apache.catalina.startup.VersionLoggerListener log
INFO: Java Home:             C:\Program Files\Java\jre1.8.0_91
Jul 09, 2017 4:56:47 PM org.apache.catalina.startup.VersionLoggerListener log
INFO: JVM Version:           1.8.0_91-b15
Jul 09, 2017 4:56:47 PM org.apache.catalina.startup.VersionLoggerListener log
INFO: JVM Vendor:            Oracle Corporation
Jul 09, 2017 4:56:47 PM org.apache.catalina.startup.VersionLoggerListener log
INFO: CATALINA_BASE:         D:\project
Jul 09, 2017 4:56:47 PM org.apache.catalina.startup.VersionLoggerListener log
INFO: CATALINA_HOME:         D:\project
Jul 09, 2017 4:56:47 PM org.apache.catalina.startup.VersionLoggerListener log
INFO: Command line argument: -Dcatalina.home=D:\project
Jul 09, 2017 4:56:47 PM org.apache.catalina.startup.VersionLoggerListener log
INFO: Command line argument: -Dcatalina.base=D:\project
Jul 09, 2017 4:56:47 PM org.apache.catalina.startup.VersionLoggerListener log
INFO: Command line argument: -Djava.endorsed.dirs=D:\project\endorsed
Jul 09, 2017 4:56:47 PM org.apache.catalina.startup.VersionLoggerListener log
INFO: Command line argument: -Djava.io.tmpdir=D:\project\temp
Jul 09, 2017 4:56:47 PM org.apache.catalina.startup.VersionLoggerListener log
INFO: Command line argument: -Djava.util.logging.manager=org.apache.juli.ClassLoaderLogManager
Jul 09, 2017 4:56:47 PM org.apache.catalina.startup.VersionLoggerListener log
INFO: Command line argument: -Djava.util.logging.config.file=D:\project\conf\logging.properties
Jul 09, 2017 4:56:47 PM org.apache.catalina.startup.VersionLoggerListener log
INFO: Command line argument: exit
Jul 09, 2017 4:56:47 PM org.apache.catalina.startup.VersionLoggerListener log
INFO: Command line argument: -Xms128m
Jul 09, 2017 4:56:47 PM org.apache.catalina.startup.VersionLoggerListener log
INFO: Command line argument: -Xmx256m
Jul 09, 2017 4:56:47 PM org.apache.catalina.core.AprLifecycleListener lifecycleEvent
INFO: Loaded APR based Apache Tomcat Native library 1.2.10 using APR version 1.5.2.
Jul 09, 2017 4:56:47 PM org.apache.catalina.core.AprLifecycleListener lifecycleEvent
INFO: APR capabilities: IPv6 [true], sendfile [true], accept filters [false], random [true].
Jul 09, 2017 4:56:55 PM org.apache.catalina.core.AprLifecycleListener initializeSSL
INFO: OpenSSL successfully initialized (OpenSSL 1.0.2j  26 Sep 2016)
Jul 09, 2017 4:57:20 PM org.apache.coyote.AbstractProtocol init
INFO: Initializing ProtocolHandler ["http-apr-8080"]
Jul 09, 2017 4:57:21 PM org.apache.coyote.AbstractProtocol init
INFO: Initializing ProtocolHandler ["ajp-apr-8009"]
Jul 09, 2017 4:57:21 PM org.apache.catalina.startup.Catalina load
INFO: Initialization processed in 48806 ms
Jul 09, 2017 4:57:23 PM org.apache.catalina.core.StandardService startInternal
INFO: Starting service Catalina
Jul 09, 2017 4:57:23 PM org.apache.catalina.core.StandardEngine startInternal
INFO: Starting Servlet Engine: Apache Tomcat/7.0.73
Jul 09, 2017 4:57:23 PM org.apache.catalina.startup.HostConfig deployDirectory
INFO: Deploying web application directory D:\project\webapps\docs
Jul 09, 2017 4:57:37 PM org.apache.catalina.util.SessionIdGeneratorBase createSecureRandom
INFO: Creation of SecureRandom instance for session ID generation using [SHA1PRNG] took [3,735] milliseconds.
Jul 09, 2017 4:57:38 PM org.apache.catalina.startup.HostConfig deployDirectory
INFO: Deployment of web application directory D:\project\webapps\docs has finished in 14,687 ms
Jul 09, 2017 4:57:38 PM org.apache.catalina.startup.HostConfig deployDirectory
INFO: Deploying web application directory D:\project\webapps\examples
Jul 09, 2017 4:58:08 PM org.apache.catalina.startup.HostConfig deployDirectory
INFO: Deployment of web application directory D:\project\webapps\examples has finished in 30,093 ms
Jul 09, 2017 4:58:08 PM org.apache.catalina.startup.HostConfig deployDirectory
INFO: Deploying web application directory D:\project\webapps\host-manager
Jul 09, 2017 4:58:09 PM org.apache.catalina.startup.HostConfig deployDirectory
INFO: Deployment of web application directory D:\project\webapps\host-manager has finished in 656 ms
Jul 09, 2017 4:58:09 PM org.apache.catalina.startup.HostConfig deployDirectory
INFO: Deploying web application directory D:\project\webapps\manager
Jul 09, 2017 4:58:09 PM org.apache.catalina.startup.HostConfig deployDirectory
INFO: Deployment of web application directory D:\project\webapps\manager has finished in 516 ms
Jul 09, 2017 4:58:09 PM org.apache.catalina.startup.HostConfig deployDirectory
INFO: Deploying web application directory D:\project\webapps\ROOT
Jul 09, 2017 4:58:10 PM org.apache.catalina.startup.HostConfig deployDirectory
INFO: Deployment of web application directory D:\project\webapps\ROOT has finished in 500 ms
Jul 09, 2017 4:58:10 PM org.apache.coyote.AbstractProtocol start
INFO: Starting ProtocolHandler ["http-apr-8080"]
Jul 09, 2017 4:58:10 PM org.apache.coyote.AbstractProtocol start
INFO: Starting ProtocolHandler ["ajp-apr-8009"]
Jul 09, 2017 4:58:10 PM org.apache.catalina.startup.Catalina start
INFO: Server startup in 49619 ms
Jul 09, 2017 5:02:35 PM org.apache.coyote.AbstractProtocol pause
INFO: Pausing ProtocolHandler ["http-apr-8080"]
Jul 09, 2017 5:02:35 PM org.apache.coyote.AbstractProtocol pause
INFO: Pausing ProtocolHandler ["ajp-apr-8009"]
Jul 09, 2017 5:02:35 PM org.apache.catalina.core.StandardService stopInternal
INFO: Stopping service Catalina
Jul 09, 2017 5:02:36 PM org.apache.coyote.AbstractProtocol stop
INFO: Stopping ProtocolHandler ["http-apr-8080"]
Jul 09, 2017 5:02:36 PM org.apache.coyote.AbstractProtocol stop
INFO: Stopping ProtocolHandler ["ajp-apr-8009"]

2017-07-09 17:03:52 Commons Daemon procrun stderr initialized
Jul 09, 2017 5:04:18 PM org.apache.catalina.startup.VersionLoggerListener log
INFO: Server version:        Apache Tomcat/7.0.73
Jul 09, 2017 5:04:18 PM org.apache.catalina.startup.VersionLoggerListener log
INFO: Server built:          Nov 7 2016 21:27:23 UTC
Jul 09, 2017 5:04:18 PM org.apache.catalina.startup.VersionLoggerListener log
INFO: Server number:         7.0.73.0
Jul 09, 2017 5:04:18 PM org.apache.catalina.startup.VersionLoggerListener log
INFO: OS Name:               Windows 10
Jul 09, 2017 5:04:18 PM org.apache.catalina.startup.VersionLoggerListener log
INFO: OS Version:            10.0
Jul 09, 2017 5:04:18 PM org.apache.catalina.startup.VersionLoggerListener log
INFO: Architecture:          amd64
Jul 09, 2017 5:04:18 PM org.apache.catalina.startup.VersionLoggerListener log
INFO: Java Home:             C:\Program Files\Java\jre1.8.0_91
Jul 09, 2017 5:04:18 PM org.apache.catalina.startup.VersionLoggerListener log
INFO: JVM Version:           1.8.0_91-b15
Jul 09, 2017 5:04:18 PM org.apache.catalina.startup.VersionLoggerListener log
INFO: JVM Vendor:            Oracle Corporation
Jul 09, 2017 5:04:18 PM org.apache.catalina.startup.VersionLoggerListener log
INFO: CATALINA_BASE:         D:\project
Jul 09, 2017 5:04:18 PM org.apache.catalina.startup.VersionLoggerListener log
INFO: CATALINA_HOME:         D:\project
Jul 09, 2017 5:04:18 PM org.apache.catalina.startup.VersionLoggerListener log
INFO: Command line argument: -Dcatalina.home=D:\project
Jul 09, 2017 5:04:18 PM org.apache.catalina.startup.VersionLoggerListener log
INFO: Command line argument: -Dcatalina.base=D:\project
Jul 09, 2017 5:04:18 PM org.apache.catalina.startup.VersionLoggerListener log
INFO: Command line argument: -Djava.endorsed.dirs=D:\project\endorsed
Jul 09, 2017 5:04:18 PM org.apache.catalina.startup.VersionLoggerListener log
INFO: Command line argument: -Djava.io.tmpdir=D:\project\temp
Jul 09, 2017 5:04:18 PM org.apache.catalina.startup.VersionLoggerListener log
INFO: Command line argument: -Djava.util.logging.manager=org.apache.juli.ClassLoaderLogManager
Jul 09, 2017 5:04:18 PM org.apache.catalina.startup.VersionLoggerListener log
INFO: Command line argument: -Djava.util.logging.config.file=D:\project\conf\logging.properties
Jul 09, 2017 5:04:18 PM org.apache.catalina.startup.VersionLoggerListener log
INFO: Command line argument: exit
Jul 09, 2017 5:04:18 PM org.apache.catalina.startup.VersionLoggerListener log
INFO: Command line argument: -Xms128m
Jul 09, 2017 5:04:18 PM org.apache.catalina.startup.VersionLoggerListener log
INFO: Command line argument: -Xmx256m
Jul 09, 2017 5:04:18 PM org.apache.catalina.core.AprLifecycleListener lifecycleEvent
INFO: Loaded APR based Apache Tomcat Native library 1.2.10 using APR version 1.5.2.
Jul 09, 2017 5:04:18 PM org.apache.catalina.core.AprLifecycleListener lifecycleEvent
INFO: APR capabilities: IPv6 [true], sendfile [true], accept filters [false], random [true].
Jul 09, 2017 5:04:25 PM org.apache.catalina.core.AprLifecycleListener initializeSSL
INFO: OpenSSL successfully initialized (OpenSSL 1.0.2j  26 Sep 2016)
Jul 09, 2017 5:04:46 PM org.apache.coyote.AbstractProtocol init
INFO: Initializing ProtocolHandler ["http-apr-8080"]
Jul 09, 2017 5:04:46 PM org.apache.coyote.AbstractProtocol init
INFO: Initializing ProtocolHandler ["ajp-apr-8009"]
Jul 09, 2017 5:04:46 PM org.apache.catalina.startup.Catalina load
INFO: Initialization processed in 38212 ms
Jul 09, 2017 5:04:47 PM org.apache.catalina.core.StandardService startInternal
INFO: Starting service Catalina
Jul 09, 2017 5:04:47 PM org.apache.catalina.core.StandardEngine startInternal
INFO: Starting Servlet Engine: Apache Tomcat/7.0.73
Jul 09, 2017 5:04:47 PM org.apache.catalina.startup.HostConfig deployDirectory
INFO: Deploying web application directory D:\project\webapps\docs
Jul 09, 2017 5:04:59 PM org.apache.catalina.util.SessionIdGeneratorBase createSecureRandom
INFO: Creation of SecureRandom instance for session ID generation using [SHA1PRNG] took [4,347] milliseconds.
Jul 09, 2017 5:05:00 PM org.apache.catalina.startup.HostConfig deployDirectory
INFO: Deployment of web application directory D:\project\webapps\docs has finished in 13,081 ms
Jul 09, 2017 5:05:00 PM org.apache.catalina.startup.HostConfig deployDirectory
INFO: Deploying web application directory D:\project\webapps\examples
Jul 09, 2017 5:05:31 PM org.apache.catalina.startup.HostConfig deployDirectory
INFO: Deployment of web application directory D:\project\webapps\examples has finished in 31,094 ms
Jul 09, 2017 5:05:31 PM org.apache.catalina.startup.HostConfig deployDirectory
INFO: Deploying web application directory D:\project\webapps\host-manager
Jul 09, 2017 5:05:32 PM org.apache.catalina.startup.HostConfig deployDirectory
INFO: Deployment of web application directory D:\project\webapps\host-manager has finished in 750 ms
Jul 09, 2017 5:05:32 PM org.apache.catalina.startup.HostConfig deployDirectory
INFO: Deploying web application directory D:\project\webapps\manager
Jul 09, 2017 5:05:33 PM org.apache.catalina.startup.HostConfig deployDirectory
INFO: Deployment of web application directory D:\project\webapps\manager has finished in 1,078 ms
Jul 09, 2017 5:05:33 PM org.apache.catalina.startup.HostConfig deployDirectory
INFO: Deploying web application directory D:\project\webapps\ROOT
Jul 09, 2017 5:05:34 PM org.apache.catalina.startup.HostConfig deployDirectory
INFO: Deployment of web application directory D:\project\webapps\ROOT has finished in 750 ms
Jul 09, 2017 5:05:34 PM org.apache.coyote.AbstractProtocol start
INFO: Starting ProtocolHandler ["http-apr-8080"]
Jul 09, 2017 5:05:34 PM org.apache.coyote.AbstractProtocol start
INFO: Starting ProtocolHandler ["ajp-apr-8009"]
Jul 09, 2017 5:05:34 PM org.apache.catalina.startup.Catalina start
INFO: Server startup in 47838 ms
Jul 11, 2017 1:56:40 AM org.apache.coyote.AbstractProtocol pause
INFO: Pausing ProtocolHandler ["http-apr-8080"]
Jul 11, 2017 1:56:40 AM org.apache.coyote.AbstractProtocol pause
INFO: Pausing ProtocolHandler ["ajp-apr-8009"]
Jul 11, 2017 1:56:40 AM org.apache.catalina.core.StandardService stopInternal
INFO: Stopping service Catalina
Jul 11, 2017 1:56:42 AM org.apache.coyote.AbstractProtocol stop
INFO: Stopping ProtocolHandler ["http-apr-8080"]
Jul 11, 2017 1:56:42 AM org.apache.coyote.AbstractProtocol stop
INFO: Stopping ProtocolHandler ["ajp-apr-8009"]
