
2017-09-11 01:48:14 Commons Daemon procrun stderr initialized
Sep 11, 2017 1:48:38 AM org.apache.catalina.startup.VersionLoggerListener log
INFO: Server version:        Apache Tomcat/7.0.73
Sep 11, 2017 1:48:38 AM org.apache.catalina.startup.VersionLoggerListener log
INFO: Server built:          Nov 7 2016 21:27:23 UTC
Sep 11, 2017 1:48:38 AM org.apache.catalina.startup.VersionLoggerListener log
INFO: Server number:         7.0.73.0
Sep 11, 2017 1:48:38 AM org.apache.catalina.startup.VersionLoggerListener log
INFO: OS Name:               Windows 10
Sep 11, 2017 1:48:38 AM org.apache.catalina.startup.VersionLoggerListener log
INFO: OS Version:            10.0
Sep 11, 2017 1:48:38 AM org.apache.catalina.startup.VersionLoggerListener log
INFO: Architecture:          amd64
Sep 11, 2017 1:48:38 AM org.apache.catalina.startup.VersionLoggerListener log
INFO: Java Home:             C:\Program Files\Java\jre1.8.0_91
Sep 11, 2017 1:48:38 AM org.apache.catalina.startup.VersionLoggerListener log
INFO: JVM Version:           1.8.0_91-b15
Sep 11, 2017 1:48:38 AM org.apache.catalina.startup.VersionLoggerListener log
INFO: JVM Vendor:            Oracle Corporation
Sep 11, 2017 1:48:38 AM org.apache.catalina.startup.VersionLoggerListener log
INFO: CATALINA_BASE:         D:\project
Sep 11, 2017 1:48:38 AM org.apache.catalina.startup.VersionLoggerListener log
INFO: CATALINA_HOME:         D:\project
Sep 11, 2017 1:48:38 AM org.apache.catalina.startup.VersionLoggerListener log
INFO: Command line argument: -Dcatalina.home=D:\project
Sep 11, 2017 1:48:38 AM org.apache.catalina.startup.VersionLoggerListener log
INFO: Command line argument: -Dcatalina.base=D:\project
Sep 11, 2017 1:48:38 AM org.apache.catalina.startup.VersionLoggerListener log
INFO: Command line argument: -Djava.endorsed.dirs=D:\project\endorsed
Sep 11, 2017 1:48:38 AM org.apache.catalina.startup.VersionLoggerListener log
INFO: Command line argument: -Djava.io.tmpdir=D:\project\temp
Sep 11, 2017 1:48:38 AM org.apache.catalina.startup.VersionLoggerListener log
INFO: Command line argument: -Djava.util.logging.manager=org.apache.juli.ClassLoaderLogManager
Sep 11, 2017 1:48:38 AM org.apache.catalina.startup.VersionLoggerListener log
INFO: Command line argument: -Djava.util.logging.config.file=D:\project\conf\logging.properties
Sep 11, 2017 1:48:38 AM org.apache.catalina.startup.VersionLoggerListener log
INFO: Command line argument: exit
Sep 11, 2017 1:48:38 AM org.apache.catalina.startup.VersionLoggerListener log
INFO: Command line argument: -Xms128m
Sep 11, 2017 1:48:38 AM org.apache.catalina.startup.VersionLoggerListener log
INFO: Command line argument: -Xmx256m
Sep 11, 2017 1:48:38 AM org.apache.catalina.core.AprLifecycleListener lifecycleEvent
INFO: Loaded APR based Apache Tomcat Native library 1.2.10 using APR version 1.5.2.
Sep 11, 2017 1:48:38 AM org.apache.catalina.core.AprLifecycleListener lifecycleEvent
INFO: APR capabilities: IPv6 [true], sendfile [true], accept filters [false], random [true].
Sep 11, 2017 1:48:41 AM org.apache.catalina.core.AprLifecycleListener initializeSSL
INFO: OpenSSL successfully initialized (OpenSSL 1.0.2j  26 Sep 2016)
Sep 11, 2017 1:49:36 AM org.apache.coyote.AbstractProtocol init
INFO: Initializing ProtocolHandler ["http-apr-8080"]
Sep 11, 2017 1:49:37 AM org.apache.coyote.AbstractProtocol init
INFO: Initializing ProtocolHandler ["ajp-apr-8009"]
Sep 11, 2017 1:49:37 AM org.apache.catalina.startup.Catalina load
INFO: Initialization processed in 73213 ms
Sep 11, 2017 1:49:39 AM org.apache.catalina.core.StandardService startInternal
INFO: Starting service Catalina
Sep 11, 2017 1:49:39 AM org.apache.catalina.core.StandardEngine startInternal
INFO: Starting Servlet Engine: Apache Tomcat/7.0.73
Sep 11, 2017 1:49:41 AM org.apache.catalina.startup.HostConfig deployDirectory
INFO: Deploying web application directory D:\project\webapps\docs
Sep 11, 2017 1:50:01 AM org.apache.catalina.util.SessionIdGeneratorBase createSecureRandom
INFO: Creation of SecureRandom instance for session ID generation using [SHA1PRNG] took [2,719] milliseconds.
Sep 11, 2017 1:50:05 AM org.apache.catalina.startup.HostConfig deployDirectory
INFO: Deployment of web application directory D:\project\webapps\docs has finished in 24,196 ms
Sep 11, 2017 1:50:05 AM org.apache.catalina.startup.HostConfig deployDirectory
INFO: Deploying web application directory D:\project\webapps\examples
Sep 11, 2017 1:51:07 AM org.apache.catalina.startup.HostConfig deployDirectory
INFO: Deployment of web application directory D:\project\webapps\examples has finished in 62,211 ms
Sep 11, 2017 1:51:07 AM org.apache.catalina.startup.HostConfig deployDirectory
INFO: Deploying web application directory D:\project\webapps\host-manager
Sep 11, 2017 1:51:08 AM org.apache.catalina.startup.HostConfig deployDirectory
INFO: Deployment of web application directory D:\project\webapps\host-manager has finished in 531 ms
Sep 11, 2017 1:51:08 AM org.apache.catalina.startup.HostConfig deployDirectory
INFO: Deploying web application directory D:\project\webapps\manager
Sep 11, 2017 1:51:09 AM org.apache.catalina.startup.HostConfig deployDirectory
INFO: Deployment of web application directory D:\project\webapps\manager has finished in 1,078 ms
Sep 11, 2017 1:51:09 AM org.apache.catalina.startup.HostConfig deployDirectory
INFO: Deploying web application directory D:\project\webapps\ROOT
Sep 11, 2017 1:51:09 AM org.apache.catalina.startup.HostConfig deployDirectory
INFO: Deployment of web application directory D:\project\webapps\ROOT has finished in 422 ms
Sep 11, 2017 1:51:09 AM org.apache.coyote.AbstractProtocol start
INFO: Starting ProtocolHandler ["http-apr-8080"]
Sep 11, 2017 1:51:10 AM org.apache.coyote.AbstractProtocol start
INFO: Starting ProtocolHandler ["ajp-apr-8009"]
Sep 11, 2017 1:51:10 AM org.apache.catalina.startup.Catalina start
INFO: Server startup in 93013 ms
Sep 12, 2017 12:31:05 AM org.apache.coyote.AbstractProtocol pause
INFO: Pausing ProtocolHandler ["http-apr-8080"]
Sep 12, 2017 12:31:06 AM org.apache.coyote.AbstractProtocol pause
INFO: Pausing ProtocolHandler ["ajp-apr-8009"]
Sep 12, 2017 12:31:06 AM org.apache.catalina.core.StandardService stopInternal
INFO: Stopping service Catalina
Sep 12, 2017 12:31:07 AM org.apache.coyote.AbstractProtocol stop
INFO: Stopping ProtocolHandler ["http-apr-8080"]
Sep 12, 2017 12:31:07 AM org.apache.coyote.AbstractProtocol stop
INFO: Stopping ProtocolHandler ["ajp-apr-8009"]
