
2017-08-09 17:18:49 Commons Daemon procrun stderr initialized
Aug 09, 2017 5:19:09 PM org.apache.catalina.startup.VersionLoggerListener log
INFO: Server version:        Apache Tomcat/7.0.73
Aug 09, 2017 5:19:10 PM org.apache.catalina.startup.VersionLoggerListener log
INFO: Server built:          Nov 7 2016 21:27:23 UTC
Aug 09, 2017 5:19:10 PM org.apache.catalina.startup.VersionLoggerListener log
INFO: Server number:         7.0.73.0
Aug 09, 2017 5:19:10 PM org.apache.catalina.startup.VersionLoggerListener log
INFO: OS Name:               Windows 10
Aug 09, 2017 5:19:10 PM org.apache.catalina.startup.VersionLoggerListener log
INFO: OS Version:            10.0
Aug 09, 2017 5:19:10 PM org.apache.catalina.startup.VersionLoggerListener log
INFO: Architecture:          amd64
Aug 09, 2017 5:19:10 PM org.apache.catalina.startup.VersionLoggerListener log
INFO: Java Home:             C:\Program Files\Java\jre1.8.0_91
Aug 09, 2017 5:19:10 PM org.apache.catalina.startup.VersionLoggerListener log
INFO: JVM Version:           1.8.0_91-b15
Aug 09, 2017 5:19:10 PM org.apache.catalina.startup.VersionLoggerListener log
INFO: JVM Vendor:            Oracle Corporation
Aug 09, 2017 5:19:10 PM org.apache.catalina.startup.VersionLoggerListener log
INFO: CATALINA_BASE:         D:\project
Aug 09, 2017 5:19:10 PM org.apache.catalina.startup.VersionLoggerListener log
INFO: CATALINA_HOME:         D:\project
Aug 09, 2017 5:19:10 PM org.apache.catalina.startup.VersionLoggerListener log
INFO: Command line argument: -Dcatalina.home=D:\project
Aug 09, 2017 5:19:10 PM org.apache.catalina.startup.VersionLoggerListener log
INFO: Command line argument: -Dcatalina.base=D:\project
Aug 09, 2017 5:19:10 PM org.apache.catalina.startup.VersionLoggerListener log
INFO: Command line argument: -Djava.endorsed.dirs=D:\project\endorsed
Aug 09, 2017 5:19:10 PM org.apache.catalina.startup.VersionLoggerListener log
INFO: Command line argument: -Djava.io.tmpdir=D:\project\temp
Aug 09, 2017 5:19:10 PM org.apache.catalina.startup.VersionLoggerListener log
INFO: Command line argument: -Djava.util.logging.manager=org.apache.juli.ClassLoaderLogManager
Aug 09, 2017 5:19:10 PM org.apache.catalina.startup.VersionLoggerListener log
INFO: Command line argument: -Djava.util.logging.config.file=D:\project\conf\logging.properties
Aug 09, 2017 5:19:10 PM org.apache.catalina.startup.VersionLoggerListener log
INFO: Command line argument: exit
Aug 09, 2017 5:19:10 PM org.apache.catalina.startup.VersionLoggerListener log
INFO: Command line argument: -Xms128m
Aug 09, 2017 5:19:10 PM org.apache.catalina.startup.VersionLoggerListener log
INFO: Command line argument: -Xmx256m
Aug 09, 2017 5:19:10 PM org.apache.catalina.core.AprLifecycleListener lifecycleEvent
INFO: Loaded APR based Apache Tomcat Native library 1.2.10 using APR version 1.5.2.
Aug 09, 2017 5:19:10 PM org.apache.catalina.core.AprLifecycleListener lifecycleEvent
INFO: APR capabilities: IPv6 [true], sendfile [true], accept filters [false], random [true].
Aug 09, 2017 5:19:12 PM org.apache.catalina.core.AprLifecycleListener initializeSSL
INFO: OpenSSL successfully initialized (OpenSSL 1.0.2j  26 Sep 2016)
Aug 09, 2017 5:19:47 PM org.apache.coyote.AbstractProtocol init
INFO: Initializing ProtocolHandler ["http-apr-8080"]
Aug 09, 2017 5:19:47 PM org.apache.coyote.AbstractProtocol init
INFO: Initializing ProtocolHandler ["ajp-apr-8009"]
Aug 09, 2017 5:19:47 PM org.apache.catalina.startup.Catalina load
INFO: Initialization processed in 45391 ms
Aug 09, 2017 5:19:48 PM org.apache.catalina.core.StandardService startInternal
INFO: Starting service Catalina
Aug 09, 2017 5:19:48 PM org.apache.catalina.core.StandardEngine startInternal
INFO: Starting Servlet Engine: Apache Tomcat/7.0.73
Aug 09, 2017 5:19:49 PM org.apache.catalina.startup.HostConfig deployDirectory
INFO: Deploying web application directory D:\project\webapps\docs
Aug 09, 2017 5:19:59 PM org.apache.catalina.util.SessionIdGeneratorBase createSecureRandom
INFO: Creation of SecureRandom instance for session ID generation using [SHA1PRNG] took [3,407] milliseconds.
Aug 09, 2017 5:20:00 PM org.apache.catalina.startup.HostConfig deployDirectory
INFO: Deployment of web application directory D:\project\webapps\docs has finished in 10,967 ms
Aug 09, 2017 5:20:00 PM org.apache.catalina.startup.HostConfig deployDirectory
INFO: Deploying web application directory D:\project\webapps\examples
Aug 09, 2017 5:20:25 PM org.apache.catalina.startup.HostConfig deployDirectory
INFO: Deployment of web application directory D:\project\webapps\examples has finished in 25,813 ms
Aug 09, 2017 5:20:25 PM org.apache.catalina.startup.HostConfig deployDirectory
INFO: Deploying web application directory D:\project\webapps\host-manager
Aug 09, 2017 5:20:26 PM org.apache.catalina.startup.HostConfig deployDirectory
INFO: Deployment of web application directory D:\project\webapps\host-manager has finished in 469 ms
Aug 09, 2017 5:20:26 PM org.apache.catalina.startup.HostConfig deployDirectory
INFO: Deploying web application directory D:\project\webapps\manager
Aug 09, 2017 5:20:27 PM org.apache.catalina.startup.HostConfig deployDirectory
INFO: Deployment of web application directory D:\project\webapps\manager has finished in 1,312 ms
Aug 09, 2017 5:20:27 PM org.apache.catalina.startup.HostConfig deployDirectory
INFO: Deploying web application directory D:\project\webapps\ROOT
Aug 09, 2017 5:20:27 PM org.apache.catalina.startup.HostConfig deployDirectory
INFO: Deployment of web application directory D:\project\webapps\ROOT has finished in 313 ms
Aug 09, 2017 5:20:27 PM org.apache.coyote.AbstractProtocol start
INFO: Starting ProtocolHandler ["http-apr-8080"]
Aug 09, 2017 5:20:28 PM org.apache.coyote.AbstractProtocol start
INFO: Starting ProtocolHandler ["ajp-apr-8009"]
Aug 09, 2017 5:20:28 PM org.apache.catalina.startup.Catalina start
INFO: Server startup in 40613 ms
Aug 10, 2017 3:05:50 PM org.apache.coyote.AbstractProtocol pause
INFO: Pausing ProtocolHandler ["http-apr-8080"]
Aug 10, 2017 3:05:51 PM org.apache.coyote.AbstractProtocol pause
INFO: Pausing ProtocolHandler ["ajp-apr-8009"]
Aug 10, 2017 3:05:52 PM org.apache.catalina.core.StandardService stopInternal
INFO: Stopping service Catalina
Aug 10, 2017 3:06:08 PM org.apache.coyote.AbstractProtocol stop
INFO: Stopping ProtocolHandler ["http-apr-8080"]
Aug 10, 2017 3:06:08 PM org.apache.coyote.AbstractProtocol stop
INFO: Stopping ProtocolHandler ["ajp-apr-8009"]
Aug 10, 2017 3:06:08 PM org.apache.catalina.util.LifecycleBase stop
INFO: The stop() method was called on component [StandardServer[8005]] after stop() had already been called. The second call will be ignored.
