
2017-08-27 20:40:20 Commons Daemon procrun stderr initialized
Aug 27, 2017 8:41:06 PM org.apache.catalina.startup.VersionLoggerListener log
INFO: Server version:        Apache Tomcat/7.0.73
Aug 27, 2017 8:41:07 PM org.apache.catalina.startup.VersionLoggerListener log
INFO: Server built:          Nov 7 2016 21:27:23 UTC
Aug 27, 2017 8:41:07 PM org.apache.catalina.startup.VersionLoggerListener log
INFO: Server number:         7.0.73.0
Aug 27, 2017 8:41:07 PM org.apache.catalina.startup.VersionLoggerListener log
INFO: OS Name:               Windows 10
Aug 27, 2017 8:41:07 PM org.apache.catalina.startup.VersionLoggerListener log
INFO: OS Version:            10.0
Aug 27, 2017 8:41:07 PM org.apache.catalina.startup.VersionLoggerListener log
INFO: Architecture:          amd64
Aug 27, 2017 8:41:07 PM org.apache.catalina.startup.VersionLoggerListener log
INFO: Java Home:             C:\Program Files\Java\jre1.8.0_91
Aug 27, 2017 8:41:07 PM org.apache.catalina.startup.VersionLoggerListener log
INFO: JVM Version:           1.8.0_91-b15
Aug 27, 2017 8:41:07 PM org.apache.catalina.startup.VersionLoggerListener log
INFO: JVM Vendor:            Oracle Corporation
Aug 27, 2017 8:41:07 PM org.apache.catalina.startup.VersionLoggerListener log
INFO: CATALINA_BASE:         D:\project
Aug 27, 2017 8:41:07 PM org.apache.catalina.startup.VersionLoggerListener log
INFO: CATALINA_HOME:         D:\project
Aug 27, 2017 8:41:07 PM org.apache.catalina.startup.VersionLoggerListener log
INFO: Command line argument: -Dcatalina.home=D:\project
Aug 27, 2017 8:41:07 PM org.apache.catalina.startup.VersionLoggerListener log
INFO: Command line argument: -Dcatalina.base=D:\project
Aug 27, 2017 8:41:07 PM org.apache.catalina.startup.VersionLoggerListener log
INFO: Command line argument: -Djava.endorsed.dirs=D:\project\endorsed
Aug 27, 2017 8:41:07 PM org.apache.catalina.startup.VersionLoggerListener log
INFO: Command line argument: -Djava.io.tmpdir=D:\project\temp
Aug 27, 2017 8:41:07 PM org.apache.catalina.startup.VersionLoggerListener log
INFO: Command line argument: -Djava.util.logging.manager=org.apache.juli.ClassLoaderLogManager
Aug 27, 2017 8:41:07 PM org.apache.catalina.startup.VersionLoggerListener log
INFO: Command line argument: -Djava.util.logging.config.file=D:\project\conf\logging.properties
Aug 27, 2017 8:41:07 PM org.apache.catalina.startup.VersionLoggerListener log
INFO: Command line argument: exit
Aug 27, 2017 8:41:07 PM org.apache.catalina.startup.VersionLoggerListener log
INFO: Command line argument: -Xms128m
Aug 27, 2017 8:41:07 PM org.apache.catalina.startup.VersionLoggerListener log
INFO: Command line argument: -Xmx256m
Aug 27, 2017 8:41:07 PM org.apache.catalina.core.AprLifecycleListener lifecycleEvent
INFO: Loaded APR based Apache Tomcat Native library 1.2.10 using APR version 1.5.2.
Aug 27, 2017 8:41:07 PM org.apache.catalina.core.AprLifecycleListener lifecycleEvent
INFO: APR capabilities: IPv6 [true], sendfile [true], accept filters [false], random [true].
Aug 27, 2017 8:41:10 PM org.apache.catalina.core.AprLifecycleListener initializeSSL
INFO: OpenSSL successfully initialized (OpenSSL 1.0.2j  26 Sep 2016)
Aug 27, 2017 8:41:41 PM org.apache.coyote.AbstractProtocol init
INFO: Initializing ProtocolHandler ["http-apr-8080"]
Aug 27, 2017 8:41:41 PM org.apache.coyote.AbstractProtocol init
INFO: Initializing ProtocolHandler ["ajp-apr-8009"]
Aug 27, 2017 8:41:41 PM org.apache.catalina.startup.Catalina load
INFO: Initialization processed in 69331 ms
Aug 27, 2017 8:41:42 PM org.apache.catalina.core.StandardService startInternal
INFO: Starting service Catalina
Aug 27, 2017 8:41:42 PM org.apache.catalina.core.StandardEngine startInternal
INFO: Starting Servlet Engine: Apache Tomcat/7.0.73
Aug 27, 2017 8:41:43 PM org.apache.catalina.startup.HostConfig deployDirectory
INFO: Deploying web application directory D:\project\webapps\docs
Aug 27, 2017 8:41:50 PM org.apache.catalina.util.SessionIdGeneratorBase createSecureRandom
INFO: Creation of SecureRandom instance for session ID generation using [SHA1PRNG] took [2,083] milliseconds.
Aug 27, 2017 8:41:51 PM org.apache.catalina.startup.HostConfig deployDirectory
INFO: Deployment of web application directory D:\project\webapps\docs has finished in 7,905 ms
Aug 27, 2017 8:41:51 PM org.apache.catalina.startup.HostConfig deployDirectory
INFO: Deploying web application directory D:\project\webapps\examples
Aug 27, 2017 8:42:09 PM org.apache.catalina.startup.HostConfig deployDirectory
INFO: Deployment of web application directory D:\project\webapps\examples has finished in 18,844 ms
Aug 27, 2017 8:42:09 PM org.apache.catalina.startup.HostConfig deployDirectory
INFO: Deploying web application directory D:\project\webapps\host-manager
Aug 27, 2017 8:42:10 PM org.apache.catalina.startup.HostConfig deployDirectory
INFO: Deployment of web application directory D:\project\webapps\host-manager has finished in 391 ms
Aug 27, 2017 8:42:10 PM org.apache.catalina.startup.HostConfig deployDirectory
INFO: Deploying web application directory D:\project\webapps\manager
Aug 27, 2017 8:42:10 PM org.apache.catalina.startup.HostConfig deployDirectory
INFO: Deployment of web application directory D:\project\webapps\manager has finished in 203 ms
Aug 27, 2017 8:42:10 PM org.apache.catalina.startup.HostConfig deployDirectory
INFO: Deploying web application directory D:\project\webapps\ROOT
Aug 27, 2017 8:42:10 PM org.apache.catalina.startup.HostConfig deployDirectory
INFO: Deployment of web application directory D:\project\webapps\ROOT has finished in 234 ms
Aug 27, 2017 8:42:10 PM org.apache.coyote.AbstractProtocol start
INFO: Starting ProtocolHandler ["http-apr-8080"]
Aug 27, 2017 8:42:11 PM org.apache.coyote.AbstractProtocol start
INFO: Starting ProtocolHandler ["ajp-apr-8009"]
Aug 27, 2017 8:42:11 PM org.apache.catalina.startup.Catalina start
INFO: Server startup in 29258 ms
Sep 02, 2017 6:09:54 AM org.apache.coyote.AbstractProtocol pause
INFO: Pausing ProtocolHandler ["http-apr-8080"]
Sep 02, 2017 6:10:20 AM org.apache.coyote.AbstractProtocol pause
INFO: Pausing ProtocolHandler ["ajp-apr-8009"]
Sep 02, 2017 6:10:21 AM org.apache.catalina.core.StandardService stopInternal
INFO: Stopping service Catalina
Sep 02, 2017 6:10:33 AM org.apache.coyote.AbstractProtocol stop
INFO: Stopping ProtocolHandler ["http-apr-8080"]
Sep 02, 2017 6:10:33 AM org.apache.coyote.AbstractProtocol stop
INFO: Stopping ProtocolHandler ["ajp-apr-8009"]
Sep 02, 2017 6:10:33 AM org.apache.catalina.util.LifecycleBase stop
INFO: The stop() method was called on component [StandardServer[8005]] after stop() had already been called. The second call will be ignored.
