
2017-08-01 14:25:30 Commons Daemon procrun stderr initialized
Aug 01, 2017 2:26:39 PM org.apache.catalina.startup.VersionLoggerListener log
INFO: Server version:        Apache Tomcat/7.0.73
Aug 01, 2017 2:26:42 PM org.apache.catalina.startup.VersionLoggerListener log
INFO: Server built:          Nov 7 2016 21:27:23 UTC
Aug 01, 2017 2:26:42 PM org.apache.catalina.startup.VersionLoggerListener log
INFO: Server number:         7.0.73.0
Aug 01, 2017 2:26:42 PM org.apache.catalina.startup.VersionLoggerListener log
INFO: OS Name:               Windows 10
Aug 01, 2017 2:26:42 PM org.apache.catalina.startup.VersionLoggerListener log
INFO: OS Version:            10.0
Aug 01, 2017 2:26:42 PM org.apache.catalina.startup.VersionLoggerListener log
INFO: Architecture:          amd64
Aug 01, 2017 2:26:42 PM org.apache.catalina.startup.VersionLoggerListener log
INFO: Java Home:             C:\Program Files\Java\jre1.8.0_91
Aug 01, 2017 2:26:42 PM org.apache.catalina.startup.VersionLoggerListener log
INFO: JVM Version:           1.8.0_91-b15
Aug 01, 2017 2:26:42 PM org.apache.catalina.startup.VersionLoggerListener log
INFO: JVM Vendor:            Oracle Corporation
Aug 01, 2017 2:26:42 PM org.apache.catalina.startup.VersionLoggerListener log
INFO: CATALINA_BASE:         D:\project
Aug 01, 2017 2:26:42 PM org.apache.catalina.startup.VersionLoggerListener log
INFO: CATALINA_HOME:         D:\project
Aug 01, 2017 2:26:42 PM org.apache.catalina.startup.VersionLoggerListener log
INFO: Command line argument: -Dcatalina.home=D:\project
Aug 01, 2017 2:26:42 PM org.apache.catalina.startup.VersionLoggerListener log
INFO: Command line argument: -Dcatalina.base=D:\project
Aug 01, 2017 2:26:42 PM org.apache.catalina.startup.VersionLoggerListener log
INFO: Command line argument: -Djava.endorsed.dirs=D:\project\endorsed
Aug 01, 2017 2:26:42 PM org.apache.catalina.startup.VersionLoggerListener log
INFO: Command line argument: -Djava.io.tmpdir=D:\project\temp
Aug 01, 2017 2:26:42 PM org.apache.catalina.startup.VersionLoggerListener log
INFO: Command line argument: -Djava.util.logging.manager=org.apache.juli.ClassLoaderLogManager
Aug 01, 2017 2:26:42 PM org.apache.catalina.startup.VersionLoggerListener log
INFO: Command line argument: -Djava.util.logging.config.file=D:\project\conf\logging.properties
Aug 01, 2017 2:26:42 PM org.apache.catalina.startup.VersionLoggerListener log
INFO: Command line argument: exit
Aug 01, 2017 2:26:42 PM org.apache.catalina.startup.VersionLoggerListener log
INFO: Command line argument: -Xms128m
Aug 01, 2017 2:26:42 PM org.apache.catalina.startup.VersionLoggerListener log
INFO: Command line argument: -Xmx256m
Aug 01, 2017 2:26:42 PM org.apache.catalina.core.AprLifecycleListener lifecycleEvent
INFO: Loaded APR based Apache Tomcat Native library 1.2.10 using APR version 1.5.2.
Aug 01, 2017 2:26:42 PM org.apache.catalina.core.AprLifecycleListener lifecycleEvent
INFO: APR capabilities: IPv6 [true], sendfile [true], accept filters [false], random [true].
Aug 01, 2017 2:26:49 PM org.apache.catalina.core.AprLifecycleListener initializeSSL
INFO: OpenSSL successfully initialized (OpenSSL 1.0.2j  26 Sep 2016)
Aug 01, 2017 2:27:46 PM org.apache.coyote.AbstractProtocol init
INFO: Initializing ProtocolHandler ["http-apr-8080"]
Aug 01, 2017 2:27:46 PM org.apache.coyote.AbstractProtocol init
INFO: Initializing ProtocolHandler ["ajp-apr-8009"]
Aug 01, 2017 2:27:46 PM org.apache.catalina.startup.Catalina load
INFO: Initialization processed in 112577 ms
Aug 01, 2017 2:27:50 PM org.apache.catalina.core.StandardService startInternal
INFO: Starting service Catalina
Aug 01, 2017 2:27:50 PM org.apache.catalina.core.StandardEngine startInternal
INFO: Starting Servlet Engine: Apache Tomcat/7.0.73
Aug 01, 2017 2:27:51 PM org.apache.catalina.startup.HostConfig deployDirectory
INFO: Deploying web application directory D:\project\webapps\docs
Aug 01, 2017 2:28:09 PM org.apache.catalina.util.SessionIdGeneratorBase createSecureRandom
INFO: Creation of SecureRandom instance for session ID generation using [SHA1PRNG] took [6,297] milliseconds.
Aug 01, 2017 2:28:11 PM org.apache.catalina.startup.HostConfig deployDirectory
INFO: Deployment of web application directory D:\project\webapps\docs has finished in 20,090 ms
Aug 01, 2017 2:28:11 PM org.apache.catalina.startup.HostConfig deployDirectory
INFO: Deploying web application directory D:\project\webapps\examples
Aug 01, 2017 2:28:58 PM org.apache.catalina.startup.HostConfig deployDirectory
INFO: Deployment of web application directory D:\project\webapps\examples has finished in 46,969 ms
Aug 01, 2017 2:28:58 PM org.apache.catalina.startup.HostConfig deployDirectory
INFO: Deploying web application directory D:\project\webapps\host-manager
Aug 01, 2017 2:28:58 PM org.apache.catalina.startup.HostConfig deployDirectory
INFO: Deployment of web application directory D:\project\webapps\host-manager has finished in 766 ms
Aug 01, 2017 2:28:58 PM org.apache.catalina.startup.HostConfig deployDirectory
INFO: Deploying web application directory D:\project\webapps\manager
Aug 01, 2017 2:29:01 PM org.apache.catalina.startup.HostConfig deployDirectory
INFO: Deployment of web application directory D:\project\webapps\manager has finished in 2,640 ms
Aug 01, 2017 2:29:01 PM org.apache.catalina.startup.HostConfig deployDirectory
INFO: Deploying web application directory D:\project\webapps\ROOT
Aug 01, 2017 2:29:02 PM org.apache.catalina.startup.HostConfig deployDirectory
INFO: Deployment of web application directory D:\project\webapps\ROOT has finished in 407 ms
Aug 01, 2017 2:29:02 PM org.apache.coyote.AbstractProtocol start
INFO: Starting ProtocolHandler ["http-apr-8080"]
Aug 01, 2017 2:29:02 PM org.apache.coyote.AbstractProtocol start
INFO: Starting ProtocolHandler ["ajp-apr-8009"]
Aug 01, 2017 2:29:02 PM org.apache.catalina.startup.Catalina start
INFO: Server startup in 75569 ms
Aug 04, 2017 4:09:24 AM org.apache.coyote.AbstractProtocol pause
INFO: Pausing ProtocolHandler ["http-apr-8080"]
Aug 04, 2017 4:09:25 AM org.apache.coyote.AbstractProtocol pause
INFO: Pausing ProtocolHandler ["ajp-apr-8009"]
Aug 04, 2017 4:09:25 AM org.apache.catalina.core.StandardService stopInternal
INFO: Stopping service Catalina
Aug 04, 2017 4:09:26 AM org.apache.coyote.AbstractProtocol stop
INFO: Stopping ProtocolHandler ["http-apr-8080"]
Aug 04, 2017 4:09:26 AM org.apache.coyote.AbstractProtocol stop
INFO: Stopping ProtocolHandler ["ajp-apr-8009"]
