!SESSION 2017-07-27 23:34:03.639 -----------------------------------------------
eclipse.buildId=4.3.2.M20140221-1700
java.version=1.8.0_91
java.vendor=Oracle Corporation
BootLoader constants: OS=win32, ARCH=x86_64, WS=win32, NL=en_US
Framework arguments:  -product org.eclipse.epp.package.jee.product
Command-line arguments:  -os win32 -ws win32 -arch x86_64 -product org.eclipse.epp.package.jee.product

!ENTRY org.eclipse.osgi 4 0 2017-07-27 23:34:16.274
!MESSAGE Application error
!STACK 1
org.eclipse.swt.SWTError: No more handles
	at org.eclipse.swt.SWT.error(SWT.java:4423)
	at org.eclipse.swt.SWT.error(SWT.java:4312)
	at org.eclipse.swt.SWT.error(SWT.java:4283)
	at org.eclipse.swt.widgets.Widget.error(Widget.java:472)
	at org.eclipse.swt.widgets.Control.createHandle(Control.java:704)
	at org.eclipse.swt.widgets.Composite.createHandle(Composite.java:307)
	at org.eclipse.swt.widgets.Decorations.createHandle(Decorations.java:420)
	at org.eclipse.swt.widgets.Shell.createHandle(Shell.java:584)
	at org.eclipse.swt.widgets.Control.createWidget(Control.java:744)
	at org.eclipse.swt.widgets.Scrollable.createWidget(Scrollable.java:134)
	at org.eclipse.swt.widgets.Decorations.createWidget(Decorations.java:428)
	at org.eclipse.swt.widgets.Shell.<init>(Shell.java:297)
	at org.eclipse.swt.widgets.Shell.<init>(Shell.java:375)
	at org.eclipse.jface.window.Window.createShell(Window.java:488)
	at org.eclipse.jface.window.Window.create(Window.java:431)
	at org.eclipse.jface.dialogs.Dialog.create(Dialog.java:1104)
	at org.eclipse.jface.window.Window.open(Window.java:791)
	at org.eclipse.ui.internal.ide.ChooseWorkspaceDialog.prompt(ChooseWorkspaceDialog.java:91)
	at org.eclipse.ui.internal.ide.application.IDEApplication.promptForWorkspace(IDEApplication.java:297)
	at org.eclipse.ui.internal.ide.application.IDEApplication.checkInstanceLocation(IDEApplication.java:238)
	at org.eclipse.ui.internal.ide.application.IDEApplication.start(IDEApplication.java:113)
	at org.eclipse.equinox.internal.app.EclipseAppHandle.run(EclipseAppHandle.java:196)
	at org.eclipse.core.runtime.internal.adaptor.EclipseAppLauncher.runApplication(EclipseAppLauncher.java:110)
	at org.eclipse.core.runtime.internal.adaptor.EclipseAppLauncher.start(EclipseAppLauncher.java:79)
	at org.eclipse.core.runtime.adaptor.EclipseStarter.run(EclipseStarter.java:354)
	at org.eclipse.core.runtime.adaptor.EclipseStarter.run(EclipseStarter.java:181)
	at sun.reflect.NativeMethodAccessorImpl.invoke0(Native Method)
	at sun.reflect.NativeMethodAccessorImpl.invoke(NativeMethodAccessorImpl.java:62)
	at sun.reflect.DelegatingMethodAccessorImpl.invoke(DelegatingMethodAccessorImpl.java:43)
	at java.lang.reflect.Method.invoke(Method.java:498)
	at org.eclipse.equinox.launcher.Main.invokeFramework(Main.java:636)
	at org.eclipse.equinox.launcher.Main.basicRun(Main.java:591)
	at org.eclipse.equinox.launcher.Main.run(Main.java:1450)
